[2025-06-17 07:36:13] === INICIANDO API TESTE ALOCAÇÃO ===
[2025-06-17 07:36:13] URL: /sistema-frotas/gestao_interativa/api/teste_alocacao.php
[2025-06-17 07:36:13] Método: POST
[2025-06-17 07:36:13] Headers: Array
(
    [Host] => localhost
    [Connection] => keep-alive
    [Content-Length] => 62
    [sec-ch-ua-platform] => "Windows"
    [User-Agent] => Mozilla/5.0 (Windows NT 10.0; Win64; x64) AppleWebKit/537.36 (KHTML, like Gecko) Chrome/137.0.0.0 Safari/537.36
    [sec-ch-ua] => "Google Chrome";v="137", "Chromium";v="137", "Not/A)Brand";v="24"
    [Content-Type] => application/json
    [sec-ch-ua-mobile] => ?0
    [Accept] => */*
    [Origin] => http://localhost
    [Sec-Fetch-Site] => same-origin
    [Sec-Fetch-Mode] => cors
    [Sec-Fetch-Dest] => empty
    [Referer] => http://localhost/sistema-frotas/pages/gestao_interativa.php
    [Accept-Encoding] => gzip, deflate, br, zstd
    [Accept-Language] => pt-BR,pt;q=0.9,en-US;q=0.8,en;q=0.7
    [Cookie] => sistema_frotas_session=4lj58urr8vif5paaedogmeflge; PHPSESSID=rotend38bsccp3ee6djppjfvun
)

[2025-06-17 07:36:13] Dados brutos recebidos: {"veiculo_id":"55","pneu_id":11,"posicao":"1","acao":"alocar"}
[2025-06-17 07:36:13] Dados decodificados: Array
(
    [veiculo_id] => 55
    [pneu_id] => 11
    [posicao] => 1
    [acao] => alocar
)

[2025-06-17 07:36:13] Dados extraídos: veiculo_id=55, pneu_id=11, posicao=1, acao='alocar'
[2025-06-17 07:36:13] Conexão com banco estabelecida
[2025-06-17 07:36:13] Pneu validado
[2025-06-17 07:36:13] Veículo validado
[2025-06-17 07:36:13] Ação recebida: 'alocar'
[2025-06-17 07:36:13] Executando ação: alocar
[2025-06-17 07:36:13] Pneu não está instalado em outro veículo
[2025-06-17 07:36:13] Posição não está ocupada
[2025-06-17 07:36:13] Instalação inserida com sucesso
[2025-06-17 07:36:13] Status do pneu atualizado
[2025-06-17 07:36:13] Transação commitada com sucesso
[2025-06-17 07:36:13] Resposta: {"success":true,"message":"Pneu alocado com sucesso"}
[2025-06-17 07:36:13] Resposta enviada com sucesso
[2025-06-17 07:36:13] === FIM API TESTE ALOCAÇÃO ===
[2025-06-17 07:36:23] === INICIANDO API TESTE ALOCAÇÃO ===
[2025-06-17 07:36:23] URL: /sistema-frotas/gestao_interativa/api/teste_alocacao.php
[2025-06-17 07:36:23] Método: POST
[2025-06-17 07:36:23] Headers: Array
(
    [Host] => localhost
    [Connection] => keep-alive
    [Content-Length] => 65
    [sec-ch-ua-platform] => "Windows"
    [User-Agent] => Mozilla/5.0 (Windows NT 10.0; Win64; x64) AppleWebKit/537.36 (KHTML, like Gecko) Chrome/137.0.0.0 Safari/537.36
    [sec-ch-ua] => "Google Chrome";v="137", "Chromium";v="137", "Not/A)Brand";v="24"
    [Content-Type] => application/json
    [sec-ch-ua-mobile] => ?0
    [Accept] => */*
    [Origin] => http://localhost
    [Sec-Fetch-Site] => same-origin
    [Sec-Fetch-Mode] => cors
    [Sec-Fetch-Dest] => empty
    [Referer] => http://localhost/sistema-frotas/pages/gestao_interativa.php
    [Accept-Encoding] => gzip, deflate, br, zstd
    [Accept-Language] => pt-BR,pt;q=0.9,en-US;q=0.8,en;q=0.7
    [Cookie] => sistema_frotas_session=4lj58urr8vif5paaedogmeflge; PHPSESSID=rotend38bsccp3ee6djppjfvun
)

[2025-06-17 07:36:23] Dados brutos recebidos: {"veiculo_id":"55","pneu_id":"11","posicao":"1","acao":"remover"}
[2025-06-17 07:36:23] Dados decodificados: Array
(
    [veiculo_id] => 55
    [pneu_id] => 11
    [posicao] => 1
    [acao] => remover
)

[2025-06-17 07:36:23] Dados extraídos: veiculo_id=55, pneu_id=11, posicao=1, acao='remover'
[2025-06-17 07:36:23] Conexão com banco estabelecida
[2025-06-17 07:36:23] Pneu validado
[2025-06-17 07:36:23] Veículo validado
[2025-06-17 07:36:23] Ação recebida: 'remover'
[2025-06-17 07:36:23] Executando ação: remover
[2025-06-17 07:36:23] Transação commitada com sucesso
[2025-06-17 07:36:23] Resposta: {"success":true,"message":"Pneu removido com sucesso"}
[2025-06-17 07:36:23] Resposta enviada com sucesso
[2025-06-17 07:36:23] === FIM API TESTE ALOCAÇÃO ===
[2025-06-17 07:36:49] === INICIANDO API TESTE ALOCAÇÃO ===
[2025-06-17 07:36:49] URL: /sistema-frotas/gestao_interativa/api/teste_alocacao.php
[2025-06-17 07:36:49] Método: POST
[2025-06-17 07:36:49] Headers: Array
(
    [Host] => localhost
    [Connection] => keep-alive
    [Content-Length] => 62
    [sec-ch-ua-platform] => "Windows"
    [User-Agent] => Mozilla/5.0 (Windows NT 10.0; Win64; x64) AppleWebKit/537.36 (KHTML, like Gecko) Chrome/137.0.0.0 Safari/537.36
    [sec-ch-ua] => "Google Chrome";v="137", "Chromium";v="137", "Not/A)Brand";v="24"
    [Content-Type] => application/json
    [sec-ch-ua-mobile] => ?0
    [Accept] => */*
    [Origin] => http://localhost
    [Sec-Fetch-Site] => same-origin
    [Sec-Fetch-Mode] => cors
    [Sec-Fetch-Dest] => empty
    [Referer] => http://localhost/sistema-frotas/pages/gestao_interativa.php
    [Accept-Encoding] => gzip, deflate, br, zstd
    [Accept-Language] => pt-BR,pt;q=0.9,en-US;q=0.8,en;q=0.7
    [Cookie] => sistema_frotas_session=4lj58urr8vif5paaedogmeflge; PHPSESSID=rotend38bsccp3ee6djppjfvun
)

[2025-06-17 07:36:49] Dados brutos recebidos: {"veiculo_id":"55","pneu_id":12,"posicao":"1","acao":"alocar"}
[2025-06-17 07:36:49] Dados decodificados: Array
(
    [veiculo_id] => 55
    [pneu_id] => 12
    [posicao] => 1
    [acao] => alocar
)

[2025-06-17 07:36:49] Dados extraídos: veiculo_id=55, pneu_id=12, posicao=1, acao='alocar'
[2025-06-17 07:36:49] Conexão com banco estabelecida
[2025-06-17 07:36:49] Pneu validado
[2025-06-17 07:36:49] Veículo validado
[2025-06-17 07:36:49] Ação recebida: 'alocar'
[2025-06-17 07:36:49] Executando ação: alocar
[2025-06-17 07:36:49] Pneu não está instalado em outro veículo
[2025-06-17 07:36:49] Posição não está ocupada
[2025-06-17 07:36:49] Instalação inserida com sucesso
[2025-06-17 07:36:49] Status do pneu atualizado
[2025-06-17 07:36:49] Transação commitada com sucesso
[2025-06-17 07:36:49] Resposta: {"success":true,"message":"Pneu alocado com sucesso"}
[2025-06-17 07:36:49] Resposta enviada com sucesso
[2025-06-17 07:36:49] === FIM API TESTE ALOCAÇÃO ===
[2025-06-17 07:37:15] === INICIANDO API TESTE ALOCAÇÃO ===
[2025-06-17 07:37:15] URL: /sistema-frotas/gestao_interativa/api/teste_alocacao.php
[2025-06-17 07:37:15] Método: POST
[2025-06-17 07:37:15] Headers: Array
(
    [Host] => localhost
    [Connection] => keep-alive
    [Content-Length] => 65
    [sec-ch-ua-platform] => "Windows"
    [User-Agent] => Mozilla/5.0 (Windows NT 10.0; Win64; x64) AppleWebKit/537.36 (KHTML, like Gecko) Chrome/137.0.0.0 Safari/537.36
    [sec-ch-ua] => "Google Chrome";v="137", "Chromium";v="137", "Not/A)Brand";v="24"
    [Content-Type] => application/json
    [sec-ch-ua-mobile] => ?0
    [Accept] => */*
    [Origin] => http://localhost
    [Sec-Fetch-Site] => same-origin
    [Sec-Fetch-Mode] => cors
    [Sec-Fetch-Dest] => empty
    [Referer] => http://localhost/sistema-frotas/pages/gestao_interativa.php
    [Accept-Encoding] => gzip, deflate, br, zstd
    [Accept-Language] => pt-BR,pt;q=0.9,en-US;q=0.8,en;q=0.7
    [Cookie] => sistema_frotas_session=4lj58urr8vif5paaedogmeflge; PHPSESSID=rotend38bsccp3ee6djppjfvun
)

[2025-06-17 07:37:15] Dados brutos recebidos: {"veiculo_id":"55","pneu_id":"12","posicao":"1","acao":"remover"}
[2025-06-17 07:37:15] Dados decodificados: Array
(
    [veiculo_id] => 55
    [pneu_id] => 12
    [posicao] => 1
    [acao] => remover
)

[2025-06-17 07:37:15] Dados extraídos: veiculo_id=55, pneu_id=12, posicao=1, acao='remover'
[2025-06-17 07:37:15] Conexão com banco estabelecida
[2025-06-17 07:37:15] Pneu validado
[2025-06-17 07:37:15] Veículo validado
[2025-06-17 07:37:15] Ação recebida: 'remover'
[2025-06-17 07:37:15] Executando ação: remover
[2025-06-17 07:37:15] Transação commitada com sucesso
[2025-06-17 07:37:15] Resposta: {"success":true,"message":"Pneu removido com sucesso"}
[2025-06-17 07:37:15] Resposta enviada com sucesso
[2025-06-17 07:37:15] === FIM API TESTE ALOCAÇÃO ===
[2025-06-17 07:39:23] === INICIANDO API TESTE ALOCAÇÃO ===
[2025-06-17 07:39:23] URL: /sistema-frotas/gestao_interativa/api/teste_alocacao.php
[2025-06-17 07:39:23] Método: POST
[2025-06-17 07:39:23] Headers: Array
(
    [Host] => localhost
    [Connection] => keep-alive
    [Content-Length] => 62
    [sec-ch-ua-platform] => "Windows"
    [User-Agent] => Mozilla/5.0 (Windows NT 10.0; Win64; x64) AppleWebKit/537.36 (KHTML, like Gecko) Chrome/137.0.0.0 Safari/537.36
    [sec-ch-ua] => "Google Chrome";v="137", "Chromium";v="137", "Not/A)Brand";v="24"
    [Content-Type] => application/json
    [sec-ch-ua-mobile] => ?0
    [Accept] => */*
    [Origin] => http://localhost
    [Sec-Fetch-Site] => same-origin
    [Sec-Fetch-Mode] => cors
    [Sec-Fetch-Dest] => empty
    [Referer] => http://localhost/sistema-frotas/pages/gestao_interativa.php
    [Accept-Encoding] => gzip, deflate, br, zstd
    [Accept-Language] => pt-BR,pt;q=0.9,en-US;q=0.8,en;q=0.7
    [Cookie] => sistema_frotas_session=4lj58urr8vif5paaedogmeflge; PHPSESSID=rotend38bsccp3ee6djppjfvun
)

[2025-06-17 07:39:23] Dados brutos recebidos: {"veiculo_id":"55","pneu_id":10,"posicao":"1","acao":"alocar"}
[2025-06-17 07:39:23] Dados decodificados: Array
(
    [veiculo_id] => 55
    [pneu_id] => 10
    [posicao] => 1
    [acao] => alocar
)

[2025-06-17 07:39:23] Dados extraídos: veiculo_id=55, pneu_id=10, posicao=1, acao='alocar'
[2025-06-17 07:39:23] Conexão com banco estabelecida
[2025-06-17 07:39:23] Pneu validado
[2025-06-17 07:39:23] Veículo validado
[2025-06-17 07:39:23] Ação recebida: 'alocar'
[2025-06-17 07:39:23] Executando ação: alocar
[2025-06-17 07:39:23] Pneu não está instalado em outro veículo
[2025-06-17 07:39:23] Posição não está ocupada
[2025-06-17 07:39:23] Instalação inserida com sucesso
[2025-06-17 07:39:23] Status do pneu atualizado
[2025-06-17 07:39:23] Transação commitada com sucesso
[2025-06-17 07:39:23] Resposta: {"success":true,"message":"Pneu alocado com sucesso"}
[2025-06-17 07:39:23] Resposta enviada com sucesso
[2025-06-17 07:39:23] === FIM API TESTE ALOCAÇÃO ===
[2025-06-17 07:39:30] === INICIANDO API TESTE ALOCAÇÃO ===
[2025-06-17 07:39:30] URL: /sistema-frotas/gestao_interativa/api/teste_alocacao.php
[2025-06-17 07:39:30] Método: POST
[2025-06-17 07:39:30] Headers: Array
(
    [Host] => localhost
    [Connection] => keep-alive
    [Content-Length] => 65
    [sec-ch-ua-platform] => "Windows"
    [User-Agent] => Mozilla/5.0 (Windows NT 10.0; Win64; x64) AppleWebKit/537.36 (KHTML, like Gecko) Chrome/137.0.0.0 Safari/537.36
    [sec-ch-ua] => "Google Chrome";v="137", "Chromium";v="137", "Not/A)Brand";v="24"
    [Content-Type] => application/json
    [sec-ch-ua-mobile] => ?0
    [Accept] => */*
    [Origin] => http://localhost
    [Sec-Fetch-Site] => same-origin
    [Sec-Fetch-Mode] => cors
    [Sec-Fetch-Dest] => empty
    [Referer] => http://localhost/sistema-frotas/pages/gestao_interativa.php
    [Accept-Encoding] => gzip, deflate, br, zstd
    [Accept-Language] => pt-BR,pt;q=0.9,en-US;q=0.8,en;q=0.7
    [Cookie] => sistema_frotas_session=4lj58urr8vif5paaedogmeflge; PHPSESSID=rotend38bsccp3ee6djppjfvun
)

[2025-06-17 07:39:30] Dados brutos recebidos: {"veiculo_id":"55","pneu_id":"10","posicao":"1","acao":"remover"}
[2025-06-17 07:39:30] Dados decodificados: Array
(
    [veiculo_id] => 55
    [pneu_id] => 10
    [posicao] => 1
    [acao] => remover
)

[2025-06-17 07:39:30] Dados extraídos: veiculo_id=55, pneu_id=10, posicao=1, acao='remover'
[2025-06-17 07:39:30] Conexão com banco estabelecida
[2025-06-17 07:39:30] Pneu validado
[2025-06-17 07:39:30] Veículo validado
[2025-06-17 07:39:30] Ação recebida: 'remover'
[2025-06-17 07:39:30] Executando ação: remover
[2025-06-17 07:39:30] Transação commitada com sucesso
[2025-06-17 07:39:30] Resposta: {"success":true,"message":"Pneu removido com sucesso"}
[2025-06-17 07:39:30] Resposta enviada com sucesso
[2025-06-17 07:39:30] === FIM API TESTE ALOCAÇÃO ===
[2025-06-17 07:39:45] === INICIANDO API TESTE ALOCAÇÃO ===
[2025-06-17 07:39:45] URL: /sistema-frotas/gestao_interativa/api/teste_alocacao.php
[2025-06-17 07:39:45] Método: POST
[2025-06-17 07:39:45] Headers: Array
(
    [Host] => localhost
    [Connection] => keep-alive
    [Content-Length] => 62
    [sec-ch-ua-platform] => "Windows"
    [User-Agent] => Mozilla/5.0 (Windows NT 10.0; Win64; x64) AppleWebKit/537.36 (KHTML, like Gecko) Chrome/137.0.0.0 Safari/537.36
    [sec-ch-ua] => "Google Chrome";v="137", "Chromium";v="137", "Not/A)Brand";v="24"
    [Content-Type] => application/json
    [sec-ch-ua-mobile] => ?0
    [Accept] => */*
    [Origin] => http://localhost
    [Sec-Fetch-Site] => same-origin
    [Sec-Fetch-Mode] => cors
    [Sec-Fetch-Dest] => empty
    [Referer] => http://localhost/sistema-frotas/pages/gestao_interativa.php
    [Accept-Encoding] => gzip, deflate, br, zstd
    [Accept-Language] => pt-BR,pt;q=0.9,en-US;q=0.8,en;q=0.7
    [Cookie] => sistema_frotas_session=4lj58urr8vif5paaedogmeflge; PHPSESSID=rotend38bsccp3ee6djppjfvun
)

[2025-06-17 07:39:45] Dados brutos recebidos: {"veiculo_id":"55","pneu_id":11,"posicao":"1","acao":"alocar"}
[2025-06-17 07:39:45] Dados decodificados: Array
(
    [veiculo_id] => 55
    [pneu_id] => 11
    [posicao] => 1
    [acao] => alocar
)

[2025-06-17 07:39:45] Dados extraídos: veiculo_id=55, pneu_id=11, posicao=1, acao='alocar'
[2025-06-17 07:39:45] Conexão com banco estabelecida
[2025-06-17 07:39:45] Pneu validado
[2025-06-17 07:39:45] Veículo validado
[2025-06-17 07:39:45] Ação recebida: 'alocar'
[2025-06-17 07:39:45] Executando ação: alocar
[2025-06-17 07:39:45] Pneu não está instalado em outro veículo
[2025-06-17 07:39:45] Posição não está ocupada
[2025-06-17 07:39:45] Instalação inserida com sucesso
[2025-06-17 07:39:45] Status do pneu atualizado
[2025-06-17 07:39:45] Transação commitada com sucesso
[2025-06-17 07:39:45] Resposta: {"success":true,"message":"Pneu alocado com sucesso"}
[2025-06-17 07:39:45] Resposta enviada com sucesso
[2025-06-17 07:39:45] === FIM API TESTE ALOCAÇÃO ===
[2025-06-17 07:39:50] === INICIANDO API TESTE ALOCAÇÃO ===
[2025-06-17 07:39:50] URL: /sistema-frotas/gestao_interativa/api/teste_alocacao.php
[2025-06-17 07:39:50] Método: POST
[2025-06-17 07:39:50] Headers: Array
(
    [Host] => localhost
    [Connection] => keep-alive
    [Content-Length] => 65
    [sec-ch-ua-platform] => "Windows"
    [User-Agent] => Mozilla/5.0 (Windows NT 10.0; Win64; x64) AppleWebKit/537.36 (KHTML, like Gecko) Chrome/137.0.0.0 Safari/537.36
    [sec-ch-ua] => "Google Chrome";v="137", "Chromium";v="137", "Not/A)Brand";v="24"
    [Content-Type] => application/json
    [sec-ch-ua-mobile] => ?0
    [Accept] => */*
    [Origin] => http://localhost
    [Sec-Fetch-Site] => same-origin
    [Sec-Fetch-Mode] => cors
    [Sec-Fetch-Dest] => empty
    [Referer] => http://localhost/sistema-frotas/pages/gestao_interativa.php
    [Accept-Encoding] => gzip, deflate, br, zstd
    [Accept-Language] => pt-BR,pt;q=0.9,en-US;q=0.8,en;q=0.7
    [Cookie] => sistema_frotas_session=4lj58urr8vif5paaedogmeflge; PHPSESSID=rotend38bsccp3ee6djppjfvun
)

[2025-06-17 07:39:50] Dados brutos recebidos: {"veiculo_id":"55","pneu_id":"11","posicao":"1","acao":"remover"}
[2025-06-17 07:39:50] Dados decodificados: Array
(
    [veiculo_id] => 55
    [pneu_id] => 11
    [posicao] => 1
    [acao] => remover
)

[2025-06-17 07:39:50] Dados extraídos: veiculo_id=55, pneu_id=11, posicao=1, acao='remover'
[2025-06-17 07:39:50] Conexão com banco estabelecida
[2025-06-17 07:39:50] Pneu validado
[2025-06-17 07:39:50] Veículo validado
[2025-06-17 07:39:50] Ação recebida: 'remover'
[2025-06-17 07:39:50] Executando ação: remover
[2025-06-17 07:39:50] Transação commitada com sucesso
[2025-06-17 07:39:50] Resposta: {"success":true,"message":"Pneu removido com sucesso"}
[2025-06-17 07:39:50] Resposta enviada com sucesso
[2025-06-17 07:39:50] === FIM API TESTE ALOCAÇÃO ===
[2025-06-17 07:40:01] === INICIANDO API TESTE ALOCAÇÃO ===
[2025-06-17 07:40:01] URL: /sistema-frotas/gestao_interativa/api/teste_alocacao.php
[2025-06-17 07:40:01] Método: POST
[2025-06-17 07:40:01] Headers: Array
(
    [Host] => localhost
    [Connection] => keep-alive
    [Content-Length] => 62
    [sec-ch-ua-platform] => "Windows"
    [User-Agent] => Mozilla/5.0 (Windows NT 10.0; Win64; x64) AppleWebKit/537.36 (KHTML, like Gecko) Chrome/137.0.0.0 Safari/537.36
    [sec-ch-ua] => "Google Chrome";v="137", "Chromium";v="137", "Not/A)Brand";v="24"
    [Content-Type] => application/json
    [sec-ch-ua-mobile] => ?0
    [Accept] => */*
    [Origin] => http://localhost
    [Sec-Fetch-Site] => same-origin
    [Sec-Fetch-Mode] => cors
    [Sec-Fetch-Dest] => empty
    [Referer] => http://localhost/sistema-frotas/pages/gestao_interativa.php
    [Accept-Encoding] => gzip, deflate, br, zstd
    [Accept-Language] => pt-BR,pt;q=0.9,en-US;q=0.8,en;q=0.7
    [Cookie] => sistema_frotas_session=4lj58urr8vif5paaedogmeflge; PHPSESSID=rotend38bsccp3ee6djppjfvun
)

[2025-06-17 07:40:01] Dados brutos recebidos: {"veiculo_id":"55","pneu_id":12,"posicao":"1","acao":"alocar"}
[2025-06-17 07:40:01] Dados decodificados: Array
(
    [veiculo_id] => 55
    [pneu_id] => 12
    [posicao] => 1
    [acao] => alocar
)

[2025-06-17 07:40:01] Dados extraídos: veiculo_id=55, pneu_id=12, posicao=1, acao='alocar'
[2025-06-17 07:40:01] Conexão com banco estabelecida
[2025-06-17 07:40:01] Pneu validado
[2025-06-17 07:40:01] Veículo validado
[2025-06-17 07:40:01] Ação recebida: 'alocar'
[2025-06-17 07:40:01] Executando ação: alocar
[2025-06-17 07:40:01] Pneu não está instalado em outro veículo
[2025-06-17 07:40:01] Posição não está ocupada
[2025-06-17 07:40:01] Instalação inserida com sucesso
[2025-06-17 07:40:01] Status do pneu atualizado
[2025-06-17 07:40:01] Transação commitada com sucesso
[2025-06-17 07:40:01] Resposta: {"success":true,"message":"Pneu alocado com sucesso"}
[2025-06-17 07:40:01] Resposta enviada com sucesso
[2025-06-17 07:40:01] === FIM API TESTE ALOCAÇÃO ===
[2025-06-17 07:40:05] === INICIANDO API TESTE ALOCAÇÃO ===
[2025-06-17 07:40:05] URL: /sistema-frotas/gestao_interativa/api/teste_alocacao.php
[2025-06-17 07:40:05] Método: POST
[2025-06-17 07:40:05] Headers: Array
(
    [Host] => localhost
    [Connection] => keep-alive
    [Content-Length] => 65
    [sec-ch-ua-platform] => "Windows"
    [User-Agent] => Mozilla/5.0 (Windows NT 10.0; Win64; x64) AppleWebKit/537.36 (KHTML, like Gecko) Chrome/137.0.0.0 Safari/537.36
    [sec-ch-ua] => "Google Chrome";v="137", "Chromium";v="137", "Not/A)Brand";v="24"
    [Content-Type] => application/json
    [sec-ch-ua-mobile] => ?0
    [Accept] => */*
    [Origin] => http://localhost
    [Sec-Fetch-Site] => same-origin
    [Sec-Fetch-Mode] => cors
    [Sec-Fetch-Dest] => empty
    [Referer] => http://localhost/sistema-frotas/pages/gestao_interativa.php
    [Accept-Encoding] => gzip, deflate, br, zstd
    [Accept-Language] => pt-BR,pt;q=0.9,en-US;q=0.8,en;q=0.7
    [Cookie] => sistema_frotas_session=4lj58urr8vif5paaedogmeflge; PHPSESSID=rotend38bsccp3ee6djppjfvun
)

[2025-06-17 07:40:05] Dados brutos recebidos: {"veiculo_id":"55","pneu_id":"12","posicao":"1","acao":"remover"}
[2025-06-17 07:40:05] Dados decodificados: Array
(
    [veiculo_id] => 55
    [pneu_id] => 12
    [posicao] => 1
    [acao] => remover
)

[2025-06-17 07:40:05] Dados extraídos: veiculo_id=55, pneu_id=12, posicao=1, acao='remover'
[2025-06-17 07:40:05] Conexão com banco estabelecida
[2025-06-17 07:40:05] Pneu validado
[2025-06-17 07:40:05] Veículo validado
[2025-06-17 07:40:05] Ação recebida: 'remover'
[2025-06-17 07:40:05] Executando ação: remover
[2025-06-17 07:40:05] Transação commitada com sucesso
[2025-06-17 07:40:05] Resposta: {"success":true,"message":"Pneu removido com sucesso"}
[2025-06-17 07:40:05] Resposta enviada com sucesso
[2025-06-17 07:40:05] === FIM API TESTE ALOCAÇÃO ===
[2025-06-17 07:47:07] === INICIANDO API TESTE ALOCAÇÃO ===
[2025-06-17 07:47:07] URL: /sistema-frotas/gestao_interativa/api/teste_alocacao.php
[2025-06-17 07:47:07] Método: POST
[2025-06-17 07:47:07] Headers: Array
(
    [Host] => localhost
    [Connection] => keep-alive
    [Content-Length] => 62
    [sec-ch-ua-platform] => "Windows"
    [User-Agent] => Mozilla/5.0 (Windows NT 10.0; Win64; x64) AppleWebKit/537.36 (KHTML, like Gecko) Chrome/137.0.0.0 Safari/537.36
    [sec-ch-ua] => "Google Chrome";v="137", "Chromium";v="137", "Not/A)Brand";v="24"
    [Content-Type] => application/json
    [sec-ch-ua-mobile] => ?0
    [Accept] => */*
    [Origin] => http://localhost
    [Sec-Fetch-Site] => same-origin
    [Sec-Fetch-Mode] => cors
    [Sec-Fetch-Dest] => empty
    [Referer] => http://localhost/sistema-frotas/pages/gestao_interativa.php
    [Accept-Encoding] => gzip, deflate, br, zstd
    [Accept-Language] => pt-BR,pt;q=0.9,en-US;q=0.8,en;q=0.7
    [Cookie] => sistema_frotas_session=4lj58urr8vif5paaedogmeflge; PHPSESSID=rotend38bsccp3ee6djppjfvun
)

[2025-06-17 07:47:07] Dados brutos recebidos: {"veiculo_id":"55","pneu_id":10,"posicao":"1","acao":"alocar"}
[2025-06-17 07:47:07] Dados decodificados: Array
(
    [veiculo_id] => 55
    [pneu_id] => 10
    [posicao] => 1
    [acao] => alocar
)

[2025-06-17 07:47:07] Dados extraídos: veiculo_id=55, pneu_id=10, posicao=1, acao='alocar'
[2025-06-17 07:47:07] Conexão com banco estabelecida
[2025-06-17 07:47:07] Pneu validado
[2025-06-17 07:47:07] Veículo validado
[2025-06-17 07:47:07] Ação recebida: 'alocar'
[2025-06-17 07:47:07] Executando ação: alocar
[2025-06-17 07:47:07] Pneu não está instalado em outro veículo
[2025-06-17 07:47:07] Posição não está ocupada
[2025-06-17 07:47:07] Instalação inserida com sucesso
[2025-06-17 07:47:07] Status do pneu atualizado
[2025-06-17 07:47:07] Transação commitada com sucesso
[2025-06-17 07:47:07] Resposta: {"success":true,"message":"Pneu alocado com sucesso"}
[2025-06-17 07:47:07] Resposta enviada com sucesso
[2025-06-17 07:47:07] === FIM API TESTE ALOCAÇÃO ===
[2025-06-17 07:47:12] === INICIANDO API TESTE ALOCAÇÃO ===
[2025-06-17 07:47:12] URL: /sistema-frotas/gestao_interativa/api/teste_alocacao.php
[2025-06-17 07:47:12] Método: POST
[2025-06-17 07:47:12] Headers: Array
(
    [Host] => localhost
    [Connection] => keep-alive
    [Content-Length] => 65
    [sec-ch-ua-platform] => "Windows"
    [User-Agent] => Mozilla/5.0 (Windows NT 10.0; Win64; x64) AppleWebKit/537.36 (KHTML, like Gecko) Chrome/137.0.0.0 Safari/537.36
    [sec-ch-ua] => "Google Chrome";v="137", "Chromium";v="137", "Not/A)Brand";v="24"
    [Content-Type] => application/json
    [sec-ch-ua-mobile] => ?0
    [Accept] => */*
    [Origin] => http://localhost
    [Sec-Fetch-Site] => same-origin
    [Sec-Fetch-Mode] => cors
    [Sec-Fetch-Dest] => empty
    [Referer] => http://localhost/sistema-frotas/pages/gestao_interativa.php
    [Accept-Encoding] => gzip, deflate, br, zstd
    [Accept-Language] => pt-BR,pt;q=0.9,en-US;q=0.8,en;q=0.7
    [Cookie] => sistema_frotas_session=4lj58urr8vif5paaedogmeflge; PHPSESSID=rotend38bsccp3ee6djppjfvun
)

[2025-06-17 07:47:12] Dados brutos recebidos: {"veiculo_id":"55","pneu_id":"10","posicao":"1","acao":"remover"}
[2025-06-17 07:47:12] Dados decodificados: Array
(
    [veiculo_id] => 55
    [pneu_id] => 10
    [posicao] => 1
    [acao] => remover
)

[2025-06-17 07:47:12] Dados extraídos: veiculo_id=55, pneu_id=10, posicao=1, acao='remover'
[2025-06-17 07:47:12] Conexão com banco estabelecida
[2025-06-17 07:47:12] Pneu validado
[2025-06-17 07:47:12] Veículo validado
[2025-06-17 07:47:12] Ação recebida: 'remover'
[2025-06-17 07:47:12] Executando ação: remover
[2025-06-17 07:47:12] Transação commitada com sucesso
[2025-06-17 07:47:12] Resposta: {"success":true,"message":"Pneu removido com sucesso"}
[2025-06-17 07:47:12] Resposta enviada com sucesso
[2025-06-17 07:47:12] === FIM API TESTE ALOCAÇÃO ===
[2025-06-17 07:47:20] === INICIANDO API TESTE ALOCAÇÃO ===
[2025-06-17 07:47:20] URL: /sistema-frotas/gestao_interativa/api/teste_alocacao.php
[2025-06-17 07:47:20] Método: POST
[2025-06-17 07:47:20] Headers: Array
(
    [Host] => localhost
    [Connection] => keep-alive
    [Content-Length] => 62
    [sec-ch-ua-platform] => "Windows"
    [User-Agent] => Mozilla/5.0 (Windows NT 10.0; Win64; x64) AppleWebKit/537.36 (KHTML, like Gecko) Chrome/137.0.0.0 Safari/537.36
    [sec-ch-ua] => "Google Chrome";v="137", "Chromium";v="137", "Not/A)Brand";v="24"
    [Content-Type] => application/json
    [sec-ch-ua-mobile] => ?0
    [Accept] => */*
    [Origin] => http://localhost
    [Sec-Fetch-Site] => same-origin
    [Sec-Fetch-Mode] => cors
    [Sec-Fetch-Dest] => empty
    [Referer] => http://localhost/sistema-frotas/pages/gestao_interativa.php
    [Accept-Encoding] => gzip, deflate, br, zstd
    [Accept-Language] => pt-BR,pt;q=0.9,en-US;q=0.8,en;q=0.7
    [Cookie] => sistema_frotas_session=4lj58urr8vif5paaedogmeflge; PHPSESSID=rotend38bsccp3ee6djppjfvun
)

[2025-06-17 07:47:20] Dados brutos recebidos: {"veiculo_id":"55","pneu_id":11,"posicao":"1","acao":"alocar"}
[2025-06-17 07:47:20] Dados decodificados: Array
(
    [veiculo_id] => 55
    [pneu_id] => 11
    [posicao] => 1
    [acao] => alocar
)

[2025-06-17 07:47:20] Dados extraídos: veiculo_id=55, pneu_id=11, posicao=1, acao='alocar'
[2025-06-17 07:47:20] Conexão com banco estabelecida
[2025-06-17 07:47:20] Pneu validado
[2025-06-17 07:47:20] Veículo validado
[2025-06-17 07:47:20] Ação recebida: 'alocar'
[2025-06-17 07:47:20] Executando ação: alocar
[2025-06-17 07:47:20] Pneu não está instalado em outro veículo
[2025-06-17 07:47:20] Posição não está ocupada
[2025-06-17 07:47:20] Instalação inserida com sucesso
[2025-06-17 07:47:20] Status do pneu atualizado
[2025-06-17 07:47:20] Transação commitada com sucesso
[2025-06-17 07:47:20] Resposta: {"success":true,"message":"Pneu alocado com sucesso"}
[2025-06-17 07:47:20] Resposta enviada com sucesso
[2025-06-17 07:47:20] === FIM API TESTE ALOCAÇÃO ===
[2025-06-17 07:47:25] === INICIANDO API TESTE ALOCAÇÃO ===
[2025-06-17 07:47:25] URL: /sistema-frotas/gestao_interativa/api/teste_alocacao.php
[2025-06-17 07:47:25] Método: POST
[2025-06-17 07:47:25] Headers: Array
(
    [Host] => localhost
    [Connection] => keep-alive
    [Content-Length] => 65
    [sec-ch-ua-platform] => "Windows"
    [User-Agent] => Mozilla/5.0 (Windows NT 10.0; Win64; x64) AppleWebKit/537.36 (KHTML, like Gecko) Chrome/137.0.0.0 Safari/537.36
    [sec-ch-ua] => "Google Chrome";v="137", "Chromium";v="137", "Not/A)Brand";v="24"
    [Content-Type] => application/json
    [sec-ch-ua-mobile] => ?0
    [Accept] => */*
    [Origin] => http://localhost
    [Sec-Fetch-Site] => same-origin
    [Sec-Fetch-Mode] => cors
    [Sec-Fetch-Dest] => empty
    [Referer] => http://localhost/sistema-frotas/pages/gestao_interativa.php
    [Accept-Encoding] => gzip, deflate, br, zstd
    [Accept-Language] => pt-BR,pt;q=0.9,en-US;q=0.8,en;q=0.7
    [Cookie] => sistema_frotas_session=4lj58urr8vif5paaedogmeflge; PHPSESSID=rotend38bsccp3ee6djppjfvun
)

[2025-06-17 07:47:25] Dados brutos recebidos: {"veiculo_id":"55","pneu_id":"11","posicao":"1","acao":"remover"}
[2025-06-17 07:47:25] Dados decodificados: Array
(
    [veiculo_id] => 55
    [pneu_id] => 11
    [posicao] => 1
    [acao] => remover
)

[2025-06-17 07:47:25] Dados extraídos: veiculo_id=55, pneu_id=11, posicao=1, acao='remover'
[2025-06-17 07:47:25] Conexão com banco estabelecida
[2025-06-17 07:47:25] Pneu validado
[2025-06-17 07:47:25] Veículo validado
[2025-06-17 07:47:25] Ação recebida: 'remover'
[2025-06-17 07:47:25] Executando ação: remover
[2025-06-17 07:47:25] Transação commitada com sucesso
[2025-06-17 07:47:25] Resposta: {"success":true,"message":"Pneu removido com sucesso"}
[2025-06-17 07:47:25] Resposta enviada com sucesso
[2025-06-17 07:47:25] === FIM API TESTE ALOCAÇÃO ===
[2025-06-17 07:49:18] === INICIANDO API TESTE ALOCAÇÃO ===
[2025-06-17 07:49:18] URL: /sistema-frotas/gestao_interativa/api/teste_alocacao.php
[2025-06-17 07:49:18] Método: POST
[2025-06-17 07:49:18] Headers: Array
(
    [Host] => localhost
    [Connection] => keep-alive
    [Content-Length] => 62
    [sec-ch-ua-platform] => "Windows"
    [User-Agent] => Mozilla/5.0 (Windows NT 10.0; Win64; x64) AppleWebKit/537.36 (KHTML, like Gecko) Chrome/137.0.0.0 Safari/537.36
    [sec-ch-ua] => "Google Chrome";v="137", "Chromium";v="137", "Not/A)Brand";v="24"
    [Content-Type] => application/json
    [sec-ch-ua-mobile] => ?0
    [Accept] => */*
    [Origin] => http://localhost
    [Sec-Fetch-Site] => same-origin
    [Sec-Fetch-Mode] => cors
    [Sec-Fetch-Dest] => empty
    [Referer] => http://localhost/sistema-frotas/pages/gestao_interativa.php
    [Accept-Encoding] => gzip, deflate, br, zstd
    [Accept-Language] => pt-BR,pt;q=0.9,en-US;q=0.8,en;q=0.7
    [Cookie] => sistema_frotas_session=4lj58urr8vif5paaedogmeflge; PHPSESSID=rotend38bsccp3ee6djppjfvun
)

[2025-06-17 07:49:18] Dados brutos recebidos: {"veiculo_id":"55","pneu_id":10,"posicao":"1","acao":"alocar"}
[2025-06-17 07:49:18] Dados decodificados: Array
(
    [veiculo_id] => 55
    [pneu_id] => 10
    [posicao] => 1
    [acao] => alocar
)

[2025-06-17 07:49:18] Dados extraídos: veiculo_id=55, pneu_id=10, posicao=1, acao='alocar'
[2025-06-17 07:49:18] Conexão com banco estabelecida
[2025-06-17 07:49:18] Pneu validado
[2025-06-17 07:49:18] Veículo validado
[2025-06-17 07:49:18] Ação recebida: 'alocar'
[2025-06-17 07:49:18] Executando ação: alocar
[2025-06-17 07:49:18] Pneu não está instalado em outro veículo
[2025-06-17 07:49:18] Posição não está ocupada
[2025-06-17 07:49:18] Instalação inserida com sucesso
[2025-06-17 07:49:18] Status do pneu atualizado
[2025-06-17 07:49:18] Transação commitada com sucesso
[2025-06-17 07:49:18] Resposta: {"success":true,"message":"Pneu alocado com sucesso"}
[2025-06-17 07:49:18] Resposta enviada com sucesso
[2025-06-17 07:49:18] === FIM API TESTE ALOCAÇÃO ===
[2025-06-17 07:56:28] === INICIANDO API TESTE ALOCAÇÃO ===
[2025-06-17 07:56:28] URL: /sistema-frotas/gestao_interativa/api/teste_alocacao.php
[2025-06-17 07:56:28] Método: POST
[2025-06-17 07:56:28] Headers: Array
(
    [Host] => localhost
    [Connection] => keep-alive
    [Content-Length] => 65
    [sec-ch-ua-platform] => "Windows"
    [User-Agent] => Mozilla/5.0 (Windows NT 10.0; Win64; x64) AppleWebKit/537.36 (KHTML, like Gecko) Chrome/137.0.0.0 Safari/537.36
    [sec-ch-ua] => "Google Chrome";v="137", "Chromium";v="137", "Not/A)Brand";v="24"
    [Content-Type] => application/json
    [sec-ch-ua-mobile] => ?0
    [Accept] => */*
    [Origin] => http://localhost
    [Sec-Fetch-Site] => same-origin
    [Sec-Fetch-Mode] => cors
    [Sec-Fetch-Dest] => empty
    [Referer] => http://localhost/sistema-frotas/pages/gestao_interativa.php
    [Accept-Encoding] => gzip, deflate, br, zstd
    [Accept-Language] => pt-BR,pt;q=0.9,en-US;q=0.8,en;q=0.7
    [Cookie] => sistema_frotas_session=4lj58urr8vif5paaedogmeflge; PHPSESSID=rotend38bsccp3ee6djppjfvun
)

[2025-06-17 07:56:28] Dados brutos recebidos: {"veiculo_id":"55","pneu_id":"10","posicao":"1","acao":"remover"}
[2025-06-17 07:56:28] Dados decodificados: Array
(
    [veiculo_id] => 55
    [pneu_id] => 10
    [posicao] => 1
    [acao] => remover
)

[2025-06-17 07:56:28] Dados extraídos: veiculo_id=55, pneu_id=10, posicao=1, acao='remover'
[2025-06-17 07:56:28] Conexão com banco estabelecida
[2025-06-17 07:56:28] Pneu validado
[2025-06-17 07:56:28] Veículo validado
[2025-06-17 07:56:28] Ação recebida: 'remover'
[2025-06-17 07:56:28] Executando ação: remover
[2025-06-17 07:56:28] Transação commitada com sucesso
[2025-06-17 07:56:28] Resposta: {"success":true,"message":"Pneu removido com sucesso"}
[2025-06-17 07:56:28] Resposta enviada com sucesso
[2025-06-17 07:56:28] === FIM API TESTE ALOCAÇÃO ===
[2025-06-17 07:56:40] === INICIANDO API TESTE ALOCAÇÃO ===
[2025-06-17 07:56:40] URL: /sistema-frotas/gestao_interativa/api/teste_alocacao.php
[2025-06-17 07:56:40] Método: POST
[2025-06-17 07:56:40] Headers: Array
(
    [Host] => localhost
    [Connection] => keep-alive
    [Content-Length] => 62
    [sec-ch-ua-platform] => "Windows"
    [User-Agent] => Mozilla/5.0 (Windows NT 10.0; Win64; x64) AppleWebKit/537.36 (KHTML, like Gecko) Chrome/137.0.0.0 Safari/537.36
    [sec-ch-ua] => "Google Chrome";v="137", "Chromium";v="137", "Not/A)Brand";v="24"
    [Content-Type] => application/json
    [sec-ch-ua-mobile] => ?0
    [Accept] => */*
    [Origin] => http://localhost
    [Sec-Fetch-Site] => same-origin
    [Sec-Fetch-Mode] => cors
    [Sec-Fetch-Dest] => empty
    [Referer] => http://localhost/sistema-frotas/pages/gestao_interativa.php
    [Accept-Encoding] => gzip, deflate, br, zstd
    [Accept-Language] => pt-BR,pt;q=0.9,en-US;q=0.8,en;q=0.7
    [Cookie] => sistema_frotas_session=4lj58urr8vif5paaedogmeflge; PHPSESSID=rotend38bsccp3ee6djppjfvun
)

[2025-06-17 07:56:40] Dados brutos recebidos: {"veiculo_id":"55","pneu_id":11,"posicao":"1","acao":"alocar"}
[2025-06-17 07:56:40] Dados decodificados: Array
(
    [veiculo_id] => 55
    [pneu_id] => 11
    [posicao] => 1
    [acao] => alocar
)

[2025-06-17 07:56:40] Dados extraídos: veiculo_id=55, pneu_id=11, posicao=1, acao='alocar'
[2025-06-17 07:56:40] Conexão com banco estabelecida
[2025-06-17 07:56:40] Pneu validado
[2025-06-17 07:56:40] Veículo validado
[2025-06-17 07:56:40] Ação recebida: 'alocar'
[2025-06-17 07:56:40] Executando ação: alocar
[2025-06-17 07:56:40] Pneu não está instalado em outro veículo
[2025-06-17 07:56:40] Posição não está ocupada
[2025-06-17 07:56:40] Instalação inserida com sucesso
[2025-06-17 07:56:40] Status do pneu atualizado
[2025-06-17 07:56:40] Transação commitada com sucesso
[2025-06-17 07:56:40] Resposta: {"success":true,"message":"Pneu alocado com sucesso"}
[2025-06-17 07:56:40] Resposta enviada com sucesso
[2025-06-17 07:56:40] === FIM API TESTE ALOCAÇÃO ===
[2025-06-17 07:56:45] === INICIANDO API TESTE ALOCAÇÃO ===
[2025-06-17 07:56:45] URL: /sistema-frotas/gestao_interativa/api/teste_alocacao.php
[2025-06-17 07:56:45] Método: POST
[2025-06-17 07:56:45] Headers: Array
(
    [Host] => localhost
    [Connection] => keep-alive
    [Content-Length] => 65
    [sec-ch-ua-platform] => "Windows"
    [User-Agent] => Mozilla/5.0 (Windows NT 10.0; Win64; x64) AppleWebKit/537.36 (KHTML, like Gecko) Chrome/137.0.0.0 Safari/537.36
    [sec-ch-ua] => "Google Chrome";v="137", "Chromium";v="137", "Not/A)Brand";v="24"
    [Content-Type] => application/json
    [sec-ch-ua-mobile] => ?0
    [Accept] => */*
    [Origin] => http://localhost
    [Sec-Fetch-Site] => same-origin
    [Sec-Fetch-Mode] => cors
    [Sec-Fetch-Dest] => empty
    [Referer] => http://localhost/sistema-frotas/pages/gestao_interativa.php
    [Accept-Encoding] => gzip, deflate, br, zstd
    [Accept-Language] => pt-BR,pt;q=0.9,en-US;q=0.8,en;q=0.7
    [Cookie] => sistema_frotas_session=4lj58urr8vif5paaedogmeflge; PHPSESSID=rotend38bsccp3ee6djppjfvun
)

[2025-06-17 07:56:45] Dados brutos recebidos: {"veiculo_id":"55","pneu_id":"11","posicao":"1","acao":"remover"}
[2025-06-17 07:56:45] Dados decodificados: Array
(
    [veiculo_id] => 55
    [pneu_id] => 11
    [posicao] => 1
    [acao] => remover
)

[2025-06-17 07:56:45] Dados extraídos: veiculo_id=55, pneu_id=11, posicao=1, acao='remover'
[2025-06-17 07:56:45] Conexão com banco estabelecida
[2025-06-17 07:56:45] Pneu validado
[2025-06-17 07:56:45] Veículo validado
[2025-06-17 07:56:45] Ação recebida: 'remover'
[2025-06-17 07:56:45] Executando ação: remover
[2025-06-17 07:56:45] Transação commitada com sucesso
[2025-06-17 07:56:45] Resposta: {"success":true,"message":"Pneu removido com sucesso"}
[2025-06-17 07:56:45] Resposta enviada com sucesso
[2025-06-17 07:56:45] === FIM API TESTE ALOCAÇÃO ===
[2025-06-17 17:15:52] === INICIANDO API TESTE ALOCAÇÃO ===
[2025-06-17 17:15:52] URL: /sistema-frotas/gestao_interativa/api/teste_alocacao.php
[2025-06-17 17:15:52] Método: POST
[2025-06-17 17:15:52] Headers: Array
(
    [Host] => localhost
    [Connection] => keep-alive
    [Content-Length] => 62
    [sec-ch-ua-platform] => "Windows"
    [User-Agent] => Mozilla/5.0 (Windows NT 10.0; Win64; x64) AppleWebKit/537.36 (KHTML, like Gecko) Chrome/137.0.0.0 Safari/537.36
    [sec-ch-ua] => "Google Chrome";v="137", "Chromium";v="137", "Not/A)Brand";v="24"
    [Content-Type] => application/json
    [sec-ch-ua-mobile] => ?0
    [Accept] => */*
    [Origin] => http://localhost
    [Sec-Fetch-Site] => same-origin
    [Sec-Fetch-Mode] => cors
    [Sec-Fetch-Dest] => empty
    [Referer] => http://localhost/sistema-frotas/pages/gestao_interativa.php
    [Accept-Encoding] => gzip, deflate, br, zstd
    [Accept-Language] => pt-BR,pt;q=0.9,en-US;q=0.8,en;q=0.7
    [Cookie] => sistema_frotas_session=4lj58urr8vif5paaedogmeflge; PHPSESSID=rotend38bsccp3ee6djppjfvun
)

[2025-06-17 17:15:52] Dados brutos recebidos: {"veiculo_id":"55","pneu_id":10,"posicao":"1","acao":"alocar"}
[2025-06-17 17:15:52] Dados decodificados: Array
(
    [veiculo_id] => 55
    [pneu_id] => 10
    [posicao] => 1
    [acao] => alocar
)

[2025-06-17 17:15:52] Dados extraídos: veiculo_id=55, pneu_id=10, posicao=1, acao='alocar'
[2025-06-17 17:15:52] Conexão com banco estabelecida
[2025-06-17 17:15:52] Pneu validado
[2025-06-17 17:15:52] Veículo validado
[2025-06-17 17:15:52] Ação recebida: 'alocar'
[2025-06-17 17:15:52] Executando ação: alocar
[2025-06-17 17:15:52] Pneu não está instalado em outro veículo
[2025-06-17 17:15:52] Posição não está ocupada
[2025-06-17 17:15:52] Instalação inserida com sucesso
[2025-06-17 17:15:52] Status do pneu atualizado
[2025-06-17 17:15:52] Transação commitada com sucesso
[2025-06-17 17:15:52] Resposta: {"success":true,"message":"Pneu alocado com sucesso"}
[2025-06-17 17:15:52] Resposta enviada com sucesso
[2025-06-17 17:15:52] === FIM API TESTE ALOCAÇÃO ===
[2025-06-17 17:15:58] === INICIANDO API TESTE ALOCAÇÃO ===
[2025-06-17 17:15:58] URL: /sistema-frotas/gestao_interativa/api/teste_alocacao.php
[2025-06-17 17:15:58] Método: POST
[2025-06-17 17:15:58] Headers: Array
(
    [Host] => localhost
    [Connection] => keep-alive
    [Content-Length] => 65
    [sec-ch-ua-platform] => "Windows"
    [User-Agent] => Mozilla/5.0 (Windows NT 10.0; Win64; x64) AppleWebKit/537.36 (KHTML, like Gecko) Chrome/137.0.0.0 Safari/537.36
    [sec-ch-ua] => "Google Chrome";v="137", "Chromium";v="137", "Not/A)Brand";v="24"
    [Content-Type] => application/json
    [sec-ch-ua-mobile] => ?0
    [Accept] => */*
    [Origin] => http://localhost
    [Sec-Fetch-Site] => same-origin
    [Sec-Fetch-Mode] => cors
    [Sec-Fetch-Dest] => empty
    [Referer] => http://localhost/sistema-frotas/pages/gestao_interativa.php
    [Accept-Encoding] => gzip, deflate, br, zstd
    [Accept-Language] => pt-BR,pt;q=0.9,en-US;q=0.8,en;q=0.7
    [Cookie] => sistema_frotas_session=4lj58urr8vif5paaedogmeflge; PHPSESSID=rotend38bsccp3ee6djppjfvun
)

[2025-06-17 17:15:58] Dados brutos recebidos: {"veiculo_id":"55","pneu_id":"10","posicao":"1","acao":"remover"}
[2025-06-17 17:15:58] Dados decodificados: Array
(
    [veiculo_id] => 55
    [pneu_id] => 10
    [posicao] => 1
    [acao] => remover
)

[2025-06-17 17:15:58] Dados extraídos: veiculo_id=55, pneu_id=10, posicao=1, acao='remover'
[2025-06-17 17:15:58] Conexão com banco estabelecida
[2025-06-17 17:15:58] Pneu validado
[2025-06-17 17:15:58] Veículo validado
[2025-06-17 17:15:58] Ação recebida: 'remover'
[2025-06-17 17:15:58] Executando ação: remover
[2025-06-17 17:15:58] Transação commitada com sucesso
[2025-06-17 17:15:58] Resposta: {"success":true,"message":"Pneu removido com sucesso"}
[2025-06-17 17:15:58] Resposta enviada com sucesso
[2025-06-17 17:15:58] === FIM API TESTE ALOCAÇÃO ===
[2025-06-17 17:16:06] === INICIANDO API TESTE ALOCAÇÃO ===
[2025-06-17 17:16:06] URL: /sistema-frotas/gestao_interativa/api/teste_alocacao.php
[2025-06-17 17:16:06] Método: POST
[2025-06-17 17:16:06] Headers: Array
(
    [Host] => localhost
    [Connection] => keep-alive
    [Content-Length] => 62
    [sec-ch-ua-platform] => "Windows"
    [User-Agent] => Mozilla/5.0 (Windows NT 10.0; Win64; x64) AppleWebKit/537.36 (KHTML, like Gecko) Chrome/137.0.0.0 Safari/537.36
    [sec-ch-ua] => "Google Chrome";v="137", "Chromium";v="137", "Not/A)Brand";v="24"
    [Content-Type] => application/json
    [sec-ch-ua-mobile] => ?0
    [Accept] => */*
    [Origin] => http://localhost
    [Sec-Fetch-Site] => same-origin
    [Sec-Fetch-Mode] => cors
    [Sec-Fetch-Dest] => empty
    [Referer] => http://localhost/sistema-frotas/pages/gestao_interativa.php
    [Accept-Encoding] => gzip, deflate, br, zstd
    [Accept-Language] => pt-BR,pt;q=0.9,en-US;q=0.8,en;q=0.7
    [Cookie] => sistema_frotas_session=4lj58urr8vif5paaedogmeflge; PHPSESSID=rotend38bsccp3ee6djppjfvun
)

[2025-06-17 17:16:06] Dados brutos recebidos: {"veiculo_id":"55","pneu_id":11,"posicao":"1","acao":"alocar"}
[2025-06-17 17:16:06] Dados decodificados: Array
(
    [veiculo_id] => 55
    [pneu_id] => 11
    [posicao] => 1
    [acao] => alocar
)

[2025-06-17 17:16:06] Dados extraídos: veiculo_id=55, pneu_id=11, posicao=1, acao='alocar'
[2025-06-17 17:16:06] Conexão com banco estabelecida
[2025-06-17 17:16:06] Pneu validado
[2025-06-17 17:16:06] Veículo validado
[2025-06-17 17:16:06] Ação recebida: 'alocar'
[2025-06-17 17:16:06] Executando ação: alocar
[2025-06-17 17:16:06] Pneu não está instalado em outro veículo
[2025-06-17 17:16:06] Posição não está ocupada
[2025-06-17 17:16:06] Instalação inserida com sucesso
[2025-06-17 17:16:06] Status do pneu atualizado
[2025-06-17 17:16:06] Transação commitada com sucesso
[2025-06-17 17:16:06] Resposta: {"success":true,"message":"Pneu alocado com sucesso"}
[2025-06-17 17:16:06] Resposta enviada com sucesso
[2025-06-17 17:16:06] === FIM API TESTE ALOCAÇÃO ===
[2025-06-17 17:16:10] === INICIANDO API TESTE ALOCAÇÃO ===
[2025-06-17 17:16:10] URL: /sistema-frotas/gestao_interativa/api/teste_alocacao.php
[2025-06-17 17:16:10] Método: POST
[2025-06-17 17:16:10] Headers: Array
(
    [Host] => localhost
    [Connection] => keep-alive
    [Content-Length] => 65
    [sec-ch-ua-platform] => "Windows"
    [User-Agent] => Mozilla/5.0 (Windows NT 10.0; Win64; x64) AppleWebKit/537.36 (KHTML, like Gecko) Chrome/137.0.0.0 Safari/537.36
    [sec-ch-ua] => "Google Chrome";v="137", "Chromium";v="137", "Not/A)Brand";v="24"
    [Content-Type] => application/json
    [sec-ch-ua-mobile] => ?0
    [Accept] => */*
    [Origin] => http://localhost
    [Sec-Fetch-Site] => same-origin
    [Sec-Fetch-Mode] => cors
    [Sec-Fetch-Dest] => empty
    [Referer] => http://localhost/sistema-frotas/pages/gestao_interativa.php
    [Accept-Encoding] => gzip, deflate, br, zstd
    [Accept-Language] => pt-BR,pt;q=0.9,en-US;q=0.8,en;q=0.7
    [Cookie] => sistema_frotas_session=4lj58urr8vif5paaedogmeflge; PHPSESSID=rotend38bsccp3ee6djppjfvun
)

[2025-06-17 17:16:10] Dados brutos recebidos: {"veiculo_id":"55","pneu_id":"11","posicao":"1","acao":"remover"}
[2025-06-17 17:16:10] Dados decodificados: Array
(
    [veiculo_id] => 55
    [pneu_id] => 11
    [posicao] => 1
    [acao] => remover
)

[2025-06-17 17:16:10] Dados extraídos: veiculo_id=55, pneu_id=11, posicao=1, acao='remover'
[2025-06-17 17:16:10] Conexão com banco estabelecida
[2025-06-17 17:16:10] Pneu validado
[2025-06-17 17:16:10] Veículo validado
[2025-06-17 17:16:10] Ação recebida: 'remover'
[2025-06-17 17:16:10] Executando ação: remover
[2025-06-17 17:16:10] Transação commitada com sucesso
[2025-06-17 17:16:10] Resposta: {"success":true,"message":"Pneu removido com sucesso"}
[2025-06-17 17:16:10] Resposta enviada com sucesso
[2025-06-17 17:16:10] === FIM API TESTE ALOCAÇÃO ===
[2025-06-17 17:35:49] === INICIANDO API TESTE ALOCAÇÃO ===
[2025-06-17 17:35:49] URL: /sistema-frotas/gestao_interativa/api/teste_alocacao.php
[2025-06-17 17:35:49] Método: POST
[2025-06-17 17:35:49] Headers: Array
(
    [Host] => localhost
    [Connection] => keep-alive
    [Content-Length] => 62
    [sec-ch-ua-platform] => "Windows"
    [User-Agent] => Mozilla/5.0 (Windows NT 10.0; Win64; x64) AppleWebKit/537.36 (KHTML, like Gecko) Chrome/137.0.0.0 Safari/537.36
    [sec-ch-ua] => "Google Chrome";v="137", "Chromium";v="137", "Not/A)Brand";v="24"
    [Content-Type] => application/json
    [sec-ch-ua-mobile] => ?0
    [Accept] => */*
    [Origin] => http://localhost
    [Sec-Fetch-Site] => same-origin
    [Sec-Fetch-Mode] => cors
    [Sec-Fetch-Dest] => empty
    [Referer] => http://localhost/sistema-frotas/pages/gestao_interativa.php
    [Accept-Encoding] => gzip, deflate, br, zstd
    [Accept-Language] => pt-BR,pt;q=0.9,en-US;q=0.8,en;q=0.7
    [Cookie] => sistema_frotas_session=4lj58urr8vif5paaedogmeflge; PHPSESSID=rotend38bsccp3ee6djppjfvun
)

[2025-06-17 17:35:49] Dados brutos recebidos: {"veiculo_id":"55","pneu_id":10,"posicao":"1","acao":"alocar"}
[2025-06-17 17:35:49] Dados decodificados: Array
(
    [veiculo_id] => 55
    [pneu_id] => 10
    [posicao] => 1
    [acao] => alocar
)

[2025-06-17 17:35:49] Dados extraídos: veiculo_id=55, pneu_id=10, posicao=1, acao='alocar'
[2025-06-17 17:35:49] Conexão com banco estabelecida
[2025-06-17 17:35:49] Pneu validado
[2025-06-17 17:35:49] Veículo validado
[2025-06-17 17:35:49] Ação recebida: 'alocar'
[2025-06-17 17:35:49] Executando ação: alocar
[2025-06-17 17:35:49] Pneu não está instalado em outro veículo
[2025-06-17 17:35:49] Posição não está ocupada
[2025-06-17 17:35:49] Instalação inserida com sucesso
[2025-06-17 17:35:49] Status do pneu atualizado
[2025-06-17 17:35:49] Transação commitada com sucesso
[2025-06-17 17:35:49] Resposta: {"success":true,"message":"Pneu alocado com sucesso"}
[2025-06-17 17:35:49] Resposta enviada com sucesso
[2025-06-17 17:35:49] === FIM API TESTE ALOCAÇÃO ===
[2025-06-17 17:35:53] === INICIANDO API TESTE ALOCAÇÃO ===
[2025-06-17 17:35:53] URL: /sistema-frotas/gestao_interativa/api/teste_alocacao.php
[2025-06-17 17:35:53] Método: POST
[2025-06-17 17:35:53] Headers: Array
(
    [Host] => localhost
    [Connection] => keep-alive
    [Content-Length] => 65
    [sec-ch-ua-platform] => "Windows"
    [User-Agent] => Mozilla/5.0 (Windows NT 10.0; Win64; x64) AppleWebKit/537.36 (KHTML, like Gecko) Chrome/137.0.0.0 Safari/537.36
    [sec-ch-ua] => "Google Chrome";v="137", "Chromium";v="137", "Not/A)Brand";v="24"
    [Content-Type] => application/json
    [sec-ch-ua-mobile] => ?0
    [Accept] => */*
    [Origin] => http://localhost
    [Sec-Fetch-Site] => same-origin
    [Sec-Fetch-Mode] => cors
    [Sec-Fetch-Dest] => empty
    [Referer] => http://localhost/sistema-frotas/pages/gestao_interativa.php
    [Accept-Encoding] => gzip, deflate, br, zstd
    [Accept-Language] => pt-BR,pt;q=0.9,en-US;q=0.8,en;q=0.7
    [Cookie] => sistema_frotas_session=4lj58urr8vif5paaedogmeflge; PHPSESSID=rotend38bsccp3ee6djppjfvun
)

[2025-06-17 17:35:53] Dados brutos recebidos: {"veiculo_id":"55","pneu_id":"10","posicao":"1","acao":"remover"}
[2025-06-17 17:35:53] Dados decodificados: Array
(
    [veiculo_id] => 55
    [pneu_id] => 10
    [posicao] => 1
    [acao] => remover
)

[2025-06-17 17:35:53] Dados extraídos: veiculo_id=55, pneu_id=10, posicao=1, acao='remover'
[2025-06-17 17:35:53] Conexão com banco estabelecida
[2025-06-17 17:35:53] Pneu validado
[2025-06-17 17:35:53] Veículo validado
[2025-06-17 17:35:53] Ação recebida: 'remover'
[2025-06-17 17:35:53] Executando ação: remover
[2025-06-17 17:35:53] Transação commitada com sucesso
[2025-06-17 17:35:53] Resposta: {"success":true,"message":"Pneu removido com sucesso"}
[2025-06-17 17:35:53] Resposta enviada com sucesso
[2025-06-17 17:35:53] === FIM API TESTE ALOCAÇÃO ===
[2025-06-17 17:35:58] === INICIANDO API TESTE ALOCAÇÃO ===
[2025-06-17 17:35:58] URL: /sistema-frotas/gestao_interativa/api/teste_alocacao.php
[2025-06-17 17:35:58] Método: POST
[2025-06-17 17:35:58] Headers: Array
(
    [Host] => localhost
    [Connection] => keep-alive
    [Content-Length] => 62
    [sec-ch-ua-platform] => "Windows"
    [User-Agent] => Mozilla/5.0 (Windows NT 10.0; Win64; x64) AppleWebKit/537.36 (KHTML, like Gecko) Chrome/137.0.0.0 Safari/537.36
    [sec-ch-ua] => "Google Chrome";v="137", "Chromium";v="137", "Not/A)Brand";v="24"
    [Content-Type] => application/json
    [sec-ch-ua-mobile] => ?0
    [Accept] => */*
    [Origin] => http://localhost
    [Sec-Fetch-Site] => same-origin
    [Sec-Fetch-Mode] => cors
    [Sec-Fetch-Dest] => empty
    [Referer] => http://localhost/sistema-frotas/pages/gestao_interativa.php
    [Accept-Encoding] => gzip, deflate, br, zstd
    [Accept-Language] => pt-BR,pt;q=0.9,en-US;q=0.8,en;q=0.7
    [Cookie] => sistema_frotas_session=4lj58urr8vif5paaedogmeflge; PHPSESSID=rotend38bsccp3ee6djppjfvun
)

[2025-06-17 17:35:58] Dados brutos recebidos: {"veiculo_id":"55","pneu_id":11,"posicao":"1","acao":"alocar"}
[2025-06-17 17:35:58] Dados decodificados: Array
(
    [veiculo_id] => 55
    [pneu_id] => 11
    [posicao] => 1
    [acao] => alocar
)

[2025-06-17 17:35:58] Dados extraídos: veiculo_id=55, pneu_id=11, posicao=1, acao='alocar'
[2025-06-17 17:35:58] Conexão com banco estabelecida
[2025-06-17 17:35:58] Pneu validado
[2025-06-17 17:35:58] Veículo validado
[2025-06-17 17:35:58] Ação recebida: 'alocar'
[2025-06-17 17:35:58] Executando ação: alocar
[2025-06-17 17:35:58] Pneu não está instalado em outro veículo
[2025-06-17 17:35:58] Posição não está ocupada
[2025-06-17 17:35:58] Instalação inserida com sucesso
[2025-06-17 17:35:58] Status do pneu atualizado
[2025-06-17 17:35:58] Transação commitada com sucesso
[2025-06-17 17:35:58] Resposta: {"success":true,"message":"Pneu alocado com sucesso"}
[2025-06-17 17:35:58] Resposta enviada com sucesso
[2025-06-17 17:35:58] === FIM API TESTE ALOCAÇÃO ===
[2025-06-17 17:36:03] === INICIANDO API TESTE ALOCAÇÃO ===
[2025-06-17 17:36:03] URL: /sistema-frotas/gestao_interativa/api/teste_alocacao.php
[2025-06-17 17:36:03] Método: POST
[2025-06-17 17:36:03] Headers: Array
(
    [Host] => localhost
    [Connection] => keep-alive
    [Content-Length] => 65
    [sec-ch-ua-platform] => "Windows"
    [User-Agent] => Mozilla/5.0 (Windows NT 10.0; Win64; x64) AppleWebKit/537.36 (KHTML, like Gecko) Chrome/137.0.0.0 Safari/537.36
    [sec-ch-ua] => "Google Chrome";v="137", "Chromium";v="137", "Not/A)Brand";v="24"
    [Content-Type] => application/json
    [sec-ch-ua-mobile] => ?0
    [Accept] => */*
    [Origin] => http://localhost
    [Sec-Fetch-Site] => same-origin
    [Sec-Fetch-Mode] => cors
    [Sec-Fetch-Dest] => empty
    [Referer] => http://localhost/sistema-frotas/pages/gestao_interativa.php
    [Accept-Encoding] => gzip, deflate, br, zstd
    [Accept-Language] => pt-BR,pt;q=0.9,en-US;q=0.8,en;q=0.7
    [Cookie] => sistema_frotas_session=4lj58urr8vif5paaedogmeflge; PHPSESSID=rotend38bsccp3ee6djppjfvun
)

[2025-06-17 17:36:03] Dados brutos recebidos: {"veiculo_id":"55","pneu_id":"11","posicao":"1","acao":"remover"}
[2025-06-17 17:36:03] Dados decodificados: Array
(
    [veiculo_id] => 55
    [pneu_id] => 11
    [posicao] => 1
    [acao] => remover
)

[2025-06-17 17:36:03] Dados extraídos: veiculo_id=55, pneu_id=11, posicao=1, acao='remover'
[2025-06-17 17:36:03] Conexão com banco estabelecida
[2025-06-17 17:36:03] Pneu validado
[2025-06-17 17:36:03] Veículo validado
[2025-06-17 17:36:03] Ação recebida: 'remover'
[2025-06-17 17:36:03] Executando ação: remover
[2025-06-17 17:36:03] Transação commitada com sucesso
[2025-06-17 17:36:03] Resposta: {"success":true,"message":"Pneu removido com sucesso"}
[2025-06-17 17:36:03] Resposta enviada com sucesso
[2025-06-17 17:36:03] === FIM API TESTE ALOCAÇÃO ===
[2025-06-17 17:38:59] === INICIANDO API TESTE ALOCAÇÃO ===
[2025-06-17 17:38:59] URL: /sistema-frotas/gestao_interativa/api/teste_alocacao.php
[2025-06-17 17:38:59] Método: POST
[2025-06-17 17:38:59] Headers: Array
(
    [Host] => localhost
    [Connection] => keep-alive
    [Content-Length] => 62
    [sec-ch-ua-platform] => "Windows"
    [User-Agent] => Mozilla/5.0 (Windows NT 10.0; Win64; x64) AppleWebKit/537.36 (KHTML, like Gecko) Chrome/137.0.0.0 Safari/537.36
    [sec-ch-ua] => "Google Chrome";v="137", "Chromium";v="137", "Not/A)Brand";v="24"
    [Content-Type] => application/json
    [sec-ch-ua-mobile] => ?0
    [Accept] => */*
    [Origin] => http://localhost
    [Sec-Fetch-Site] => same-origin
    [Sec-Fetch-Mode] => cors
    [Sec-Fetch-Dest] => empty
    [Referer] => http://localhost/sistema-frotas/pages/gestao_interativa.php
    [Accept-Encoding] => gzip, deflate, br, zstd
    [Accept-Language] => pt-BR,pt;q=0.9,en-US;q=0.8,en;q=0.7
    [Cookie] => sistema_frotas_session=4lj58urr8vif5paaedogmeflge; PHPSESSID=rotend38bsccp3ee6djppjfvun
)

[2025-06-17 17:38:59] Dados brutos recebidos: {"veiculo_id":"55","pneu_id":10,"posicao":"1","acao":"alocar"}
[2025-06-17 17:38:59] Dados decodificados: Array
(
    [veiculo_id] => 55
    [pneu_id] => 10
    [posicao] => 1
    [acao] => alocar
)

[2025-06-17 17:38:59] Dados extraídos: veiculo_id=55, pneu_id=10, posicao=1, acao='alocar'
[2025-06-17 17:38:59] Conexão com banco estabelecida
[2025-06-17 17:38:59] Pneu validado
[2025-06-17 17:38:59] Veículo validado
[2025-06-17 17:38:59] Ação recebida: 'alocar'
[2025-06-17 17:38:59] Executando ação: alocar
[2025-06-17 17:38:59] Pneu não está instalado em outro veículo
[2025-06-17 17:38:59] Posição não está ocupada
[2025-06-17 17:38:59] Instalação inserida com sucesso
[2025-06-17 17:38:59] Status do pneu atualizado
[2025-06-17 17:38:59] Transação commitada com sucesso
[2025-06-17 17:38:59] Resposta: {"success":true,"message":"Pneu alocado com sucesso"}
[2025-06-17 17:38:59] Resposta enviada com sucesso
[2025-06-17 17:38:59] === FIM API TESTE ALOCAÇÃO ===
[2025-06-17 17:39:04] === INICIANDO API TESTE ALOCAÇÃO ===
[2025-06-17 17:39:04] URL: /sistema-frotas/gestao_interativa/api/teste_alocacao.php
[2025-06-17 17:39:04] Método: POST
[2025-06-17 17:39:04] Headers: Array
(
    [Host] => localhost
    [Connection] => keep-alive
    [Content-Length] => 65
    [sec-ch-ua-platform] => "Windows"
    [User-Agent] => Mozilla/5.0 (Windows NT 10.0; Win64; x64) AppleWebKit/537.36 (KHTML, like Gecko) Chrome/137.0.0.0 Safari/537.36
    [sec-ch-ua] => "Google Chrome";v="137", "Chromium";v="137", "Not/A)Brand";v="24"
    [Content-Type] => application/json
    [sec-ch-ua-mobile] => ?0
    [Accept] => */*
    [Origin] => http://localhost
    [Sec-Fetch-Site] => same-origin
    [Sec-Fetch-Mode] => cors
    [Sec-Fetch-Dest] => empty
    [Referer] => http://localhost/sistema-frotas/pages/gestao_interativa.php
    [Accept-Encoding] => gzip, deflate, br, zstd
    [Accept-Language] => pt-BR,pt;q=0.9,en-US;q=0.8,en;q=0.7
    [Cookie] => sistema_frotas_session=4lj58urr8vif5paaedogmeflge; PHPSESSID=rotend38bsccp3ee6djppjfvun
)

[2025-06-17 17:39:04] Dados brutos recebidos: {"veiculo_id":"55","pneu_id":"10","posicao":"1","acao":"remover"}
[2025-06-17 17:39:04] Dados decodificados: Array
(
    [veiculo_id] => 55
    [pneu_id] => 10
    [posicao] => 1
    [acao] => remover
)

[2025-06-17 17:39:04] Dados extraídos: veiculo_id=55, pneu_id=10, posicao=1, acao='remover'
[2025-06-17 17:39:04] Conexão com banco estabelecida
[2025-06-17 17:39:04] Pneu validado
[2025-06-17 17:39:04] Veículo validado
[2025-06-17 17:39:04] Ação recebida: 'remover'
[2025-06-17 17:39:04] Executando ação: remover
[2025-06-17 17:39:04] Transação commitada com sucesso
[2025-06-17 17:39:04] Resposta: {"success":true,"message":"Pneu removido com sucesso"}
[2025-06-17 17:39:04] Resposta enviada com sucesso
[2025-06-17 17:39:04] === FIM API TESTE ALOCAÇÃO ===
[2025-06-17 17:39:24] === INICIANDO API TESTE ALOCAÇÃO ===
[2025-06-17 17:39:24] URL: /sistema-frotas/gestao_interativa/api/teste_alocacao.php
[2025-06-17 17:39:24] Método: POST
[2025-06-17 17:39:24] Headers: Array
(
    [Host] => localhost
    [Connection] => keep-alive
    [Content-Length] => 62
    [sec-ch-ua-platform] => "Windows"
    [User-Agent] => Mozilla/5.0 (Windows NT 10.0; Win64; x64) AppleWebKit/537.36 (KHTML, like Gecko) Chrome/137.0.0.0 Safari/537.36
    [sec-ch-ua] => "Google Chrome";v="137", "Chromium";v="137", "Not/A)Brand";v="24"
    [Content-Type] => application/json
    [sec-ch-ua-mobile] => ?0
    [Accept] => */*
    [Origin] => http://localhost
    [Sec-Fetch-Site] => same-origin
    [Sec-Fetch-Mode] => cors
    [Sec-Fetch-Dest] => empty
    [Referer] => http://localhost/sistema-frotas/pages/gestao_interativa.php
    [Accept-Encoding] => gzip, deflate, br, zstd
    [Accept-Language] => pt-BR,pt;q=0.9,en-US;q=0.8,en;q=0.7
    [Cookie] => sistema_frotas_session=4lj58urr8vif5paaedogmeflge; PHPSESSID=rotend38bsccp3ee6djppjfvun
)

[2025-06-17 17:39:24] Dados brutos recebidos: {"veiculo_id":"55","pneu_id":10,"posicao":"1","acao":"alocar"}
[2025-06-17 17:39:24] Dados decodificados: Array
(
    [veiculo_id] => 55
    [pneu_id] => 10
    [posicao] => 1
    [acao] => alocar
)

[2025-06-17 17:39:24] Dados extraídos: veiculo_id=55, pneu_id=10, posicao=1, acao='alocar'
[2025-06-17 17:39:24] Conexão com banco estabelecida
[2025-06-17 17:39:24] Pneu validado
[2025-06-17 17:39:24] Veículo validado
[2025-06-17 17:39:24] Ação recebida: 'alocar'
[2025-06-17 17:39:24] Executando ação: alocar
[2025-06-17 17:39:24] Pneu não está instalado em outro veículo
[2025-06-17 17:39:24] Posição não está ocupada
[2025-06-17 17:39:24] Instalação inserida com sucesso
[2025-06-17 17:39:24] Status do pneu atualizado
[2025-06-17 17:39:24] Transação commitada com sucesso
[2025-06-17 17:39:24] Resposta: {"success":true,"message":"Pneu alocado com sucesso"}
[2025-06-17 17:39:24] Resposta enviada com sucesso
[2025-06-17 17:39:24] === FIM API TESTE ALOCAÇÃO ===
[2025-06-17 17:39:33] === INICIANDO API TESTE ALOCAÇÃO ===
[2025-06-17 17:39:33] URL: /sistema-frotas/gestao_interativa/api/teste_alocacao.php
[2025-06-17 17:39:33] Método: POST
[2025-06-17 17:39:33] Headers: Array
(
    [Host] => localhost
    [Connection] => keep-alive
    [Content-Length] => 65
    [sec-ch-ua-platform] => "Windows"
    [User-Agent] => Mozilla/5.0 (Windows NT 10.0; Win64; x64) AppleWebKit/537.36 (KHTML, like Gecko) Chrome/137.0.0.0 Safari/537.36
    [sec-ch-ua] => "Google Chrome";v="137", "Chromium";v="137", "Not/A)Brand";v="24"
    [Content-Type] => application/json
    [sec-ch-ua-mobile] => ?0
    [Accept] => */*
    [Origin] => http://localhost
    [Sec-Fetch-Site] => same-origin
    [Sec-Fetch-Mode] => cors
    [Sec-Fetch-Dest] => empty
    [Referer] => http://localhost/sistema-frotas/pages/gestao_interativa.php
    [Accept-Encoding] => gzip, deflate, br, zstd
    [Accept-Language] => pt-BR,pt;q=0.9,en-US;q=0.8,en;q=0.7
    [Cookie] => sistema_frotas_session=4lj58urr8vif5paaedogmeflge; PHPSESSID=rotend38bsccp3ee6djppjfvun
)

[2025-06-17 17:39:33] Dados brutos recebidos: {"veiculo_id":"55","pneu_id":"10","posicao":"1","acao":"remover"}
[2025-06-17 17:39:33] Dados decodificados: Array
(
    [veiculo_id] => 55
    [pneu_id] => 10
    [posicao] => 1
    [acao] => remover
)

[2025-06-17 17:39:33] Dados extraídos: veiculo_id=55, pneu_id=10, posicao=1, acao='remover'
[2025-06-17 17:39:33] Conexão com banco estabelecida
[2025-06-17 17:39:33] Pneu validado
[2025-06-17 17:39:33] Veículo validado
[2025-06-17 17:39:33] Ação recebida: 'remover'
[2025-06-17 17:39:33] Executando ação: remover
[2025-06-17 17:39:33] Transação commitada com sucesso
[2025-06-17 17:39:33] Resposta: {"success":true,"message":"Pneu removido com sucesso"}
[2025-06-17 17:39:33] Resposta enviada com sucesso
[2025-06-17 17:39:33] === FIM API TESTE ALOCAÇÃO ===
[2025-06-17 17:39:43] === INICIANDO API TESTE ALOCAÇÃO ===
[2025-06-17 17:39:43] URL: /sistema-frotas/gestao_interativa/api/teste_alocacao.php
[2025-06-17 17:39:43] Método: POST
[2025-06-17 17:39:43] Headers: Array
(
    [Host] => localhost
    [Connection] => keep-alive
    [Content-Length] => 62
    [sec-ch-ua-platform] => "Windows"
    [User-Agent] => Mozilla/5.0 (Windows NT 10.0; Win64; x64) AppleWebKit/537.36 (KHTML, like Gecko) Chrome/137.0.0.0 Safari/537.36
    [sec-ch-ua] => "Google Chrome";v="137", "Chromium";v="137", "Not/A)Brand";v="24"
    [Content-Type] => application/json
    [sec-ch-ua-mobile] => ?0
    [Accept] => */*
    [Origin] => http://localhost
    [Sec-Fetch-Site] => same-origin
    [Sec-Fetch-Mode] => cors
    [Sec-Fetch-Dest] => empty
    [Referer] => http://localhost/sistema-frotas/pages/gestao_interativa.php
    [Accept-Encoding] => gzip, deflate, br, zstd
    [Accept-Language] => pt-BR,pt;q=0.9,en-US;q=0.8,en;q=0.7
    [Cookie] => sistema_frotas_session=4lj58urr8vif5paaedogmeflge; PHPSESSID=rotend38bsccp3ee6djppjfvun
)

[2025-06-17 17:39:43] Dados brutos recebidos: {"veiculo_id":"55","pneu_id":10,"posicao":"1","acao":"alocar"}
[2025-06-17 17:39:43] Dados decodificados: Array
(
    [veiculo_id] => 55
    [pneu_id] => 10
    [posicao] => 1
    [acao] => alocar
)

[2025-06-17 17:39:43] Dados extraídos: veiculo_id=55, pneu_id=10, posicao=1, acao='alocar'
[2025-06-17 17:39:43] Conexão com banco estabelecida
[2025-06-17 17:39:43] Pneu validado
[2025-06-17 17:39:43] Veículo validado
[2025-06-17 17:39:43] Ação recebida: 'alocar'
[2025-06-17 17:39:43] Executando ação: alocar
[2025-06-17 17:39:43] Pneu não está instalado em outro veículo
[2025-06-17 17:39:43] Posição não está ocupada
[2025-06-17 17:39:43] Instalação inserida com sucesso
[2025-06-17 17:39:43] Status do pneu atualizado
[2025-06-17 17:39:43] Transação commitada com sucesso
[2025-06-17 17:39:43] Resposta: {"success":true,"message":"Pneu alocado com sucesso"}
[2025-06-17 17:39:43] Resposta enviada com sucesso
[2025-06-17 17:39:43] === FIM API TESTE ALOCAÇÃO ===
[2025-06-17 17:44:34] === INICIANDO API TESTE ALOCAÇÃO ===
[2025-06-17 17:44:34] URL: /sistema-frotas/gestao_interativa/api/teste_alocacao.php
[2025-06-17 17:44:34] Método: POST
[2025-06-17 17:44:34] Headers: Array
(
    [Host] => localhost
    [Connection] => keep-alive
    [Content-Length] => 65
    [sec-ch-ua-platform] => "Windows"
    [User-Agent] => Mozilla/5.0 (Windows NT 10.0; Win64; x64) AppleWebKit/537.36 (KHTML, like Gecko) Chrome/137.0.0.0 Safari/537.36
    [sec-ch-ua] => "Google Chrome";v="137", "Chromium";v="137", "Not/A)Brand";v="24"
    [Content-Type] => application/json
    [sec-ch-ua-mobile] => ?0
    [Accept] => */*
    [Origin] => http://localhost
    [Sec-Fetch-Site] => same-origin
    [Sec-Fetch-Mode] => cors
    [Sec-Fetch-Dest] => empty
    [Referer] => http://localhost/sistema-frotas/pages/gestao_interativa.php
    [Accept-Encoding] => gzip, deflate, br, zstd
    [Accept-Language] => pt-BR,pt;q=0.9,en-US;q=0.8,en;q=0.7
    [Cookie] => sistema_frotas_session=4lj58urr8vif5paaedogmeflge; PHPSESSID=rotend38bsccp3ee6djppjfvun
)

[2025-06-17 17:44:34] Dados brutos recebidos: {"veiculo_id":"55","pneu_id":"10","posicao":"1","acao":"remover"}
[2025-06-17 17:44:34] Dados decodificados: Array
(
    [veiculo_id] => 55
    [pneu_id] => 10
    [posicao] => 1
    [acao] => remover
)

[2025-06-17 17:44:34] Dados extraídos: veiculo_id=55, pneu_id=10, posicao=1, acao='remover'
[2025-06-17 17:44:34] Conexão com banco estabelecida
[2025-06-17 17:44:34] Pneu validado
[2025-06-17 17:44:34] Veículo validado
[2025-06-17 17:44:34] Ação recebida: 'remover'
[2025-06-17 17:44:34] Executando ação: remover
[2025-06-17 17:44:34] Transação commitada com sucesso
[2025-06-17 17:44:34] Resposta: {"success":true,"message":"Pneu removido com sucesso"}
[2025-06-17 17:44:34] Resposta enviada com sucesso
[2025-06-17 17:44:34] === FIM API TESTE ALOCAÇÃO ===
[2025-06-17 17:44:41] === INICIANDO API TESTE ALOCAÇÃO ===
[2025-06-17 17:44:41] URL: /sistema-frotas/gestao_interativa/api/teste_alocacao.php
[2025-06-17 17:44:41] Método: POST
[2025-06-17 17:44:41] Headers: Array
(
    [Host] => localhost
    [Connection] => keep-alive
    [Content-Length] => 62
    [sec-ch-ua-platform] => "Windows"
    [User-Agent] => Mozilla/5.0 (Windows NT 10.0; Win64; x64) AppleWebKit/537.36 (KHTML, like Gecko) Chrome/137.0.0.0 Safari/537.36
    [sec-ch-ua] => "Google Chrome";v="137", "Chromium";v="137", "Not/A)Brand";v="24"
    [Content-Type] => application/json
    [sec-ch-ua-mobile] => ?0
    [Accept] => */*
    [Origin] => http://localhost
    [Sec-Fetch-Site] => same-origin
    [Sec-Fetch-Mode] => cors
    [Sec-Fetch-Dest] => empty
    [Referer] => http://localhost/sistema-frotas/pages/gestao_interativa.php
    [Accept-Encoding] => gzip, deflate, br, zstd
    [Accept-Language] => pt-BR,pt;q=0.9,en-US;q=0.8,en;q=0.7
    [Cookie] => sistema_frotas_session=4lj58urr8vif5paaedogmeflge; PHPSESSID=rotend38bsccp3ee6djppjfvun
)

[2025-06-17 17:44:41] Dados brutos recebidos: {"veiculo_id":"55","pneu_id":11,"posicao":"1","acao":"alocar"}
[2025-06-17 17:44:41] Dados decodificados: Array
(
    [veiculo_id] => 55
    [pneu_id] => 11
    [posicao] => 1
    [acao] => alocar
)

[2025-06-17 17:44:41] Dados extraídos: veiculo_id=55, pneu_id=11, posicao=1, acao='alocar'
[2025-06-17 17:44:41] Conexão com banco estabelecida
[2025-06-17 17:44:41] Pneu validado
[2025-06-17 17:44:41] Veículo validado
[2025-06-17 17:44:41] Ação recebida: 'alocar'
[2025-06-17 17:44:41] Executando ação: alocar
[2025-06-17 17:44:41] Pneu não está instalado em outro veículo
[2025-06-17 17:44:41] Posição não está ocupada
[2025-06-17 17:44:41] Instalação inserida com sucesso
[2025-06-17 17:44:41] Status do pneu atualizado
[2025-06-17 17:44:41] Transação commitada com sucesso
[2025-06-17 17:44:41] Resposta: {"success":true,"message":"Pneu alocado com sucesso"}
[2025-06-17 17:44:41] Resposta enviada com sucesso
[2025-06-17 17:44:41] === FIM API TESTE ALOCAÇÃO ===
[2025-06-17 17:44:46] === INICIANDO API TESTE ALOCAÇÃO ===
[2025-06-17 17:44:46] URL: /sistema-frotas/gestao_interativa/api/teste_alocacao.php
[2025-06-17 17:44:46] Método: POST
[2025-06-17 17:44:46] Headers: Array
(
    [Host] => localhost
    [Connection] => keep-alive
    [Content-Length] => 65
    [sec-ch-ua-platform] => "Windows"
    [User-Agent] => Mozilla/5.0 (Windows NT 10.0; Win64; x64) AppleWebKit/537.36 (KHTML, like Gecko) Chrome/137.0.0.0 Safari/537.36
    [sec-ch-ua] => "Google Chrome";v="137", "Chromium";v="137", "Not/A)Brand";v="24"
    [Content-Type] => application/json
    [sec-ch-ua-mobile] => ?0
    [Accept] => */*
    [Origin] => http://localhost
    [Sec-Fetch-Site] => same-origin
    [Sec-Fetch-Mode] => cors
    [Sec-Fetch-Dest] => empty
    [Referer] => http://localhost/sistema-frotas/pages/gestao_interativa.php
    [Accept-Encoding] => gzip, deflate, br, zstd
    [Accept-Language] => pt-BR,pt;q=0.9,en-US;q=0.8,en;q=0.7
    [Cookie] => sistema_frotas_session=4lj58urr8vif5paaedogmeflge; PHPSESSID=rotend38bsccp3ee6djppjfvun
)

[2025-06-17 17:44:46] Dados brutos recebidos: {"veiculo_id":"55","pneu_id":"11","posicao":"1","acao":"remover"}
[2025-06-17 17:44:46] Dados decodificados: Array
(
    [veiculo_id] => 55
    [pneu_id] => 11
    [posicao] => 1
    [acao] => remover
)

[2025-06-17 17:44:46] Dados extraídos: veiculo_id=55, pneu_id=11, posicao=1, acao='remover'
[2025-06-17 17:44:46] Conexão com banco estabelecida
[2025-06-17 17:44:46] Pneu validado
[2025-06-17 17:44:46] Veículo validado
[2025-06-17 17:44:46] Ação recebida: 'remover'
[2025-06-17 17:44:46] Executando ação: remover
[2025-06-17 17:44:46] Transação commitada com sucesso
[2025-06-17 17:44:46] Resposta: {"success":true,"message":"Pneu removido com sucesso"}
[2025-06-17 17:44:46] Resposta enviada com sucesso
[2025-06-17 17:44:46] === FIM API TESTE ALOCAÇÃO ===
[2025-06-17 17:47:25] === INICIANDO API TESTE ALOCAÇÃO ===
[2025-06-17 17:47:25] URL: /sistema-frotas/gestao_interativa/api/teste_alocacao.php
[2025-06-17 17:47:25] Método: POST
[2025-06-17 17:47:25] Headers: Array
(
    [Host] => localhost
    [Connection] => keep-alive
    [Content-Length] => 62
    [sec-ch-ua-platform] => "Windows"
    [User-Agent] => Mozilla/5.0 (Windows NT 10.0; Win64; x64) AppleWebKit/537.36 (KHTML, like Gecko) Chrome/137.0.0.0 Safari/537.36
    [sec-ch-ua] => "Google Chrome";v="137", "Chromium";v="137", "Not/A)Brand";v="24"
    [Content-Type] => application/json
    [sec-ch-ua-mobile] => ?0
    [Accept] => */*
    [Origin] => http://localhost
    [Sec-Fetch-Site] => same-origin
    [Sec-Fetch-Mode] => cors
    [Sec-Fetch-Dest] => empty
    [Referer] => http://localhost/sistema-frotas/pages/gestao_interativa.php
    [Accept-Encoding] => gzip, deflate, br, zstd
    [Accept-Language] => pt-BR,pt;q=0.9,en-US;q=0.8,en;q=0.7
    [Cookie] => sistema_frotas_session=4lj58urr8vif5paaedogmeflge; PHPSESSID=rotend38bsccp3ee6djppjfvun
)

[2025-06-17 17:47:25] Dados brutos recebidos: {"veiculo_id":"55","pneu_id":10,"posicao":"1","acao":"alocar"}
[2025-06-17 17:47:25] Dados decodificados: Array
(
    [veiculo_id] => 55
    [pneu_id] => 10
    [posicao] => 1
    [acao] => alocar
)

[2025-06-17 17:47:25] Dados extraídos: veiculo_id=55, pneu_id=10, posicao=1, acao='alocar'
[2025-06-17 17:47:25] Conexão com banco estabelecida
[2025-06-17 17:47:25] Pneu validado
[2025-06-17 17:47:25] Veículo validado
[2025-06-17 17:47:25] Ação recebida: 'alocar'
[2025-06-17 17:47:25] Executando ação: alocar
[2025-06-17 17:47:25] Pneu não está instalado em outro veículo
[2025-06-17 17:47:25] Posição não está ocupada
[2025-06-17 17:47:25] Instalação inserida com sucesso
[2025-06-17 17:47:25] Status do pneu atualizado
[2025-06-17 17:47:25] Transação commitada com sucesso
[2025-06-17 17:47:25] Resposta: {"success":true,"message":"Pneu alocado com sucesso"}
[2025-06-17 17:47:25] Resposta enviada com sucesso
[2025-06-17 17:47:25] === FIM API TESTE ALOCAÇÃO ===
[2025-06-17 17:47:29] === INICIANDO API TESTE ALOCAÇÃO ===
[2025-06-17 17:47:29] URL: /sistema-frotas/gestao_interativa/api/teste_alocacao.php
[2025-06-17 17:47:29] Método: POST
[2025-06-17 17:47:29] Headers: Array
(
    [Host] => localhost
    [Connection] => keep-alive
    [Content-Length] => 65
    [sec-ch-ua-platform] => "Windows"
    [User-Agent] => Mozilla/5.0 (Windows NT 10.0; Win64; x64) AppleWebKit/537.36 (KHTML, like Gecko) Chrome/137.0.0.0 Safari/537.36
    [sec-ch-ua] => "Google Chrome";v="137", "Chromium";v="137", "Not/A)Brand";v="24"
    [Content-Type] => application/json
    [sec-ch-ua-mobile] => ?0
    [Accept] => */*
    [Origin] => http://localhost
    [Sec-Fetch-Site] => same-origin
    [Sec-Fetch-Mode] => cors
    [Sec-Fetch-Dest] => empty
    [Referer] => http://localhost/sistema-frotas/pages/gestao_interativa.php
    [Accept-Encoding] => gzip, deflate, br, zstd
    [Accept-Language] => pt-BR,pt;q=0.9,en-US;q=0.8,en;q=0.7
    [Cookie] => sistema_frotas_session=4lj58urr8vif5paaedogmeflge; PHPSESSID=rotend38bsccp3ee6djppjfvun
)

[2025-06-17 17:47:29] Dados brutos recebidos: {"veiculo_id":"55","pneu_id":"10","posicao":"1","acao":"remover"}
[2025-06-17 17:47:29] Dados decodificados: Array
(
    [veiculo_id] => 55
    [pneu_id] => 10
    [posicao] => 1
    [acao] => remover
)

[2025-06-17 17:47:29] Dados extraídos: veiculo_id=55, pneu_id=10, posicao=1, acao='remover'
[2025-06-17 17:47:29] Conexão com banco estabelecida
[2025-06-17 17:47:29] Pneu validado
[2025-06-17 17:47:29] Veículo validado
[2025-06-17 17:47:29] Ação recebida: 'remover'
[2025-06-17 17:47:29] Executando ação: remover
[2025-06-17 17:47:29] Transação commitada com sucesso
[2025-06-17 17:47:29] Resposta: {"success":true,"message":"Pneu removido com sucesso"}
[2025-06-17 17:47:29] Resposta enviada com sucesso
[2025-06-17 17:47:29] === FIM API TESTE ALOCAÇÃO ===
[2025-06-17 17:47:42] === INICIANDO API TESTE ALOCAÇÃO ===
[2025-06-17 17:47:42] URL: /sistema-frotas/gestao_interativa/api/teste_alocacao.php
[2025-06-17 17:47:42] Método: POST
[2025-06-17 17:47:42] Headers: Array
(
    [Host] => localhost
    [Connection] => keep-alive
    [Content-Length] => 62
    [sec-ch-ua-platform] => "Windows"
    [User-Agent] => Mozilla/5.0 (Windows NT 10.0; Win64; x64) AppleWebKit/537.36 (KHTML, like Gecko) Chrome/137.0.0.0 Safari/537.36
    [sec-ch-ua] => "Google Chrome";v="137", "Chromium";v="137", "Not/A)Brand";v="24"
    [Content-Type] => application/json
    [sec-ch-ua-mobile] => ?0
    [Accept] => */*
    [Origin] => http://localhost
    [Sec-Fetch-Site] => same-origin
    [Sec-Fetch-Mode] => cors
    [Sec-Fetch-Dest] => empty
    [Referer] => http://localhost/sistema-frotas/pages/gestao_interativa.php
    [Accept-Encoding] => gzip, deflate, br, zstd
    [Accept-Language] => pt-BR,pt;q=0.9,en-US;q=0.8,en;q=0.7
    [Cookie] => sistema_frotas_session=4lj58urr8vif5paaedogmeflge; PHPSESSID=rotend38bsccp3ee6djppjfvun
)

[2025-06-17 17:47:42] Dados brutos recebidos: {"veiculo_id":"55","pneu_id":12,"posicao":"1","acao":"alocar"}
[2025-06-17 17:47:42] Dados decodificados: Array
(
    [veiculo_id] => 55
    [pneu_id] => 12
    [posicao] => 1
    [acao] => alocar
)

[2025-06-17 17:47:42] Dados extraídos: veiculo_id=55, pneu_id=12, posicao=1, acao='alocar'
[2025-06-17 17:47:42] Conexão com banco estabelecida
[2025-06-17 17:47:42] Pneu validado
[2025-06-17 17:47:42] Veículo validado
[2025-06-17 17:47:42] Ação recebida: 'alocar'
[2025-06-17 17:47:42] Executando ação: alocar
[2025-06-17 17:47:42] Pneu não está instalado em outro veículo
[2025-06-17 17:47:42] Posição não está ocupada
[2025-06-17 17:47:42] Instalação inserida com sucesso
[2025-06-17 17:47:42] Status do pneu atualizado
[2025-06-17 17:47:42] Transação commitada com sucesso
[2025-06-17 17:47:42] Resposta: {"success":true,"message":"Pneu alocado com sucesso"}
[2025-06-17 17:47:42] Resposta enviada com sucesso
[2025-06-17 17:47:42] === FIM API TESTE ALOCAÇÃO ===
[2025-06-17 17:47:47] === INICIANDO API TESTE ALOCAÇÃO ===
[2025-06-17 17:47:47] URL: /sistema-frotas/gestao_interativa/api/teste_alocacao.php
[2025-06-17 17:47:47] Método: POST
[2025-06-17 17:47:47] Headers: Array
(
    [Host] => localhost
    [Connection] => keep-alive
    [Content-Length] => 65
    [sec-ch-ua-platform] => "Windows"
    [User-Agent] => Mozilla/5.0 (Windows NT 10.0; Win64; x64) AppleWebKit/537.36 (KHTML, like Gecko) Chrome/137.0.0.0 Safari/537.36
    [sec-ch-ua] => "Google Chrome";v="137", "Chromium";v="137", "Not/A)Brand";v="24"
    [Content-Type] => application/json
    [sec-ch-ua-mobile] => ?0
    [Accept] => */*
    [Origin] => http://localhost
    [Sec-Fetch-Site] => same-origin
    [Sec-Fetch-Mode] => cors
    [Sec-Fetch-Dest] => empty
    [Referer] => http://localhost/sistema-frotas/pages/gestao_interativa.php
    [Accept-Encoding] => gzip, deflate, br, zstd
    [Accept-Language] => pt-BR,pt;q=0.9,en-US;q=0.8,en;q=0.7
    [Cookie] => sistema_frotas_session=4lj58urr8vif5paaedogmeflge; PHPSESSID=rotend38bsccp3ee6djppjfvun
)

[2025-06-17 17:47:47] Dados brutos recebidos: {"veiculo_id":"55","pneu_id":"12","posicao":"1","acao":"remover"}
[2025-06-17 17:47:47] Dados decodificados: Array
(
    [veiculo_id] => 55
    [pneu_id] => 12
    [posicao] => 1
    [acao] => remover
)

[2025-06-17 17:47:47] Dados extraídos: veiculo_id=55, pneu_id=12, posicao=1, acao='remover'
[2025-06-17 17:47:47] Conexão com banco estabelecida
[2025-06-17 17:47:47] Pneu validado
[2025-06-17 17:47:47] Veículo validado
[2025-06-17 17:47:47] Ação recebida: 'remover'
[2025-06-17 17:47:47] Executando ação: remover
[2025-06-17 17:47:47] Transação commitada com sucesso
[2025-06-17 17:47:47] Resposta: {"success":true,"message":"Pneu removido com sucesso"}
[2025-06-17 17:47:47] Resposta enviada com sucesso
[2025-06-17 17:47:47] === FIM API TESTE ALOCAÇÃO ===
[2025-06-17 17:48:02] === INICIANDO API TESTE ALOCAÇÃO ===
[2025-06-17 17:48:02] URL: /sistema-frotas/gestao_interativa/api/teste_alocacao.php
[2025-06-17 17:48:02] Método: POST
[2025-06-17 17:48:02] Headers: Array
(
    [Host] => localhost
    [Connection] => keep-alive
    [Content-Length] => 62
    [sec-ch-ua-platform] => "Windows"
    [User-Agent] => Mozilla/5.0 (Windows NT 10.0; Win64; x64) AppleWebKit/537.36 (KHTML, like Gecko) Chrome/137.0.0.0 Safari/537.36
    [sec-ch-ua] => "Google Chrome";v="137", "Chromium";v="137", "Not/A)Brand";v="24"
    [Content-Type] => application/json
    [sec-ch-ua-mobile] => ?0
    [Accept] => */*
    [Origin] => http://localhost
    [Sec-Fetch-Site] => same-origin
    [Sec-Fetch-Mode] => cors
    [Sec-Fetch-Dest] => empty
    [Referer] => http://localhost/sistema-frotas/pages/gestao_interativa.php
    [Accept-Encoding] => gzip, deflate, br, zstd
    [Accept-Language] => pt-BR,pt;q=0.9,en-US;q=0.8,en;q=0.7
    [Cookie] => sistema_frotas_session=4lj58urr8vif5paaedogmeflge; PHPSESSID=rotend38bsccp3ee6djppjfvun
)

[2025-06-17 17:48:02] Dados brutos recebidos: {"veiculo_id":"55","pneu_id":12,"posicao":"1","acao":"alocar"}
[2025-06-17 17:48:02] Dados decodificados: Array
(
    [veiculo_id] => 55
    [pneu_id] => 12
    [posicao] => 1
    [acao] => alocar
)

[2025-06-17 17:48:02] Dados extraídos: veiculo_id=55, pneu_id=12, posicao=1, acao='alocar'
[2025-06-17 17:48:02] Conexão com banco estabelecida
[2025-06-17 17:48:02] Pneu validado
[2025-06-17 17:48:02] Veículo validado
[2025-06-17 17:48:02] Ação recebida: 'alocar'
[2025-06-17 17:48:02] Executando ação: alocar
[2025-06-17 17:48:02] Pneu não está instalado em outro veículo
[2025-06-17 17:48:02] Posição não está ocupada
[2025-06-17 17:48:02] Instalação inserida com sucesso
[2025-06-17 17:48:02] Status do pneu atualizado
[2025-06-17 17:48:02] Transação commitada com sucesso
[2025-06-17 17:48:02] Resposta: {"success":true,"message":"Pneu alocado com sucesso"}
[2025-06-17 17:48:02] Resposta enviada com sucesso
[2025-06-17 17:48:02] === FIM API TESTE ALOCAÇÃO ===
[2025-06-17 17:48:06] === INICIANDO API TESTE ALOCAÇÃO ===
[2025-06-17 17:48:06] URL: /sistema-frotas/gestao_interativa/api/teste_alocacao.php
[2025-06-17 17:48:06] Método: POST
[2025-06-17 17:48:06] Headers: Array
(
    [Host] => localhost
    [Connection] => keep-alive
    [Content-Length] => 65
    [sec-ch-ua-platform] => "Windows"
    [User-Agent] => Mozilla/5.0 (Windows NT 10.0; Win64; x64) AppleWebKit/537.36 (KHTML, like Gecko) Chrome/137.0.0.0 Safari/537.36
    [sec-ch-ua] => "Google Chrome";v="137", "Chromium";v="137", "Not/A)Brand";v="24"
    [Content-Type] => application/json
    [sec-ch-ua-mobile] => ?0
    [Accept] => */*
    [Origin] => http://localhost
    [Sec-Fetch-Site] => same-origin
    [Sec-Fetch-Mode] => cors
    [Sec-Fetch-Dest] => empty
    [Referer] => http://localhost/sistema-frotas/pages/gestao_interativa.php
    [Accept-Encoding] => gzip, deflate, br, zstd
    [Accept-Language] => pt-BR,pt;q=0.9,en-US;q=0.8,en;q=0.7
    [Cookie] => sistema_frotas_session=4lj58urr8vif5paaedogmeflge; PHPSESSID=rotend38bsccp3ee6djppjfvun
)

[2025-06-17 17:48:06] Dados brutos recebidos: {"veiculo_id":"55","pneu_id":"12","posicao":"1","acao":"remover"}
[2025-06-17 17:48:06] Dados decodificados: Array
(
    [veiculo_id] => 55
    [pneu_id] => 12
    [posicao] => 1
    [acao] => remover
)

[2025-06-17 17:48:06] Dados extraídos: veiculo_id=55, pneu_id=12, posicao=1, acao='remover'
[2025-06-17 17:48:06] Conexão com banco estabelecida
[2025-06-17 17:48:06] Pneu validado
[2025-06-17 17:48:06] Veículo validado
[2025-06-17 17:48:06] Ação recebida: 'remover'
[2025-06-17 17:48:06] Executando ação: remover
[2025-06-17 17:48:06] Transação commitada com sucesso
[2025-06-17 17:48:06] Resposta: {"success":true,"message":"Pneu removido com sucesso"}
[2025-06-17 17:48:06] Resposta enviada com sucesso
[2025-06-17 17:48:06] === FIM API TESTE ALOCAÇÃO ===
[2025-06-17 18:04:25] === INICIANDO API TESTE ALOCAÇÃO ===
[2025-06-17 18:04:25] URL: /sistema-frotas/gestao_interativa/api/teste_alocacao.php
[2025-06-17 18:04:25] Método: POST
[2025-06-17 18:04:25] Headers: Array
(
    [Host] => localhost
    [Connection] => keep-alive
    [Content-Length] => 62
    [sec-ch-ua-platform] => "Windows"
    [User-Agent] => Mozilla/5.0 (Windows NT 10.0; Win64; x64) AppleWebKit/537.36 (KHTML, like Gecko) Chrome/137.0.0.0 Safari/537.36
    [sec-ch-ua] => "Google Chrome";v="137", "Chromium";v="137", "Not/A)Brand";v="24"
    [Content-Type] => application/json
    [sec-ch-ua-mobile] => ?0
    [Accept] => */*
    [Origin] => http://localhost
    [Sec-Fetch-Site] => same-origin
    [Sec-Fetch-Mode] => cors
    [Sec-Fetch-Dest] => empty
    [Referer] => http://localhost/sistema-frotas/pages/gestao_interativa.php
    [Accept-Encoding] => gzip, deflate, br, zstd
    [Accept-Language] => pt-BR,pt;q=0.9,en-US;q=0.8,en;q=0.7
    [Cookie] => sistema_frotas_session=4lj58urr8vif5paaedogmeflge; PHPSESSID=rotend38bsccp3ee6djppjfvun
)

[2025-06-17 18:04:25] Dados brutos recebidos: {"veiculo_id":"55","pneu_id":10,"posicao":"1","acao":"alocar"}
[2025-06-17 18:04:25] Dados decodificados: Array
(
    [veiculo_id] => 55
    [pneu_id] => 10
    [posicao] => 1
    [acao] => alocar
)

[2025-06-17 18:04:25] Dados extraídos: veiculo_id=55, pneu_id=10, posicao=1, acao='alocar'
[2025-06-17 18:04:25] Conexão com banco estabelecida
[2025-06-17 18:04:25] Pneu validado
[2025-06-17 18:04:25] Veículo validado
[2025-06-17 18:04:25] Ação recebida: 'alocar'
[2025-06-17 18:04:25] Executando ação: alocar
[2025-06-17 18:04:25] Pneu não está instalado em outro veículo
[2025-06-17 18:04:25] Posição não está ocupada
[2025-06-17 18:04:25] Instalação inserida com sucesso
[2025-06-17 18:04:25] Status do pneu atualizado
[2025-06-17 18:04:25] Transação commitada com sucesso
[2025-06-17 18:04:25] Resposta: {"success":true,"message":"Pneu alocado com sucesso"}
[2025-06-17 18:04:25] Resposta enviada com sucesso
[2025-06-17 18:04:25] === FIM API TESTE ALOCAÇÃO ===
[2025-06-17 18:04:51] === INICIANDO API TESTE ALOCAÇÃO ===
[2025-06-17 18:04:51] URL: /sistema-frotas/gestao_interativa/api/teste_alocacao.php
[2025-06-17 18:04:51] Método: POST
[2025-06-17 18:04:51] Headers: Array
(
    [Host] => localhost
    [Connection] => keep-alive
    [Content-Length] => 65
    [sec-ch-ua-platform] => "Windows"
    [User-Agent] => Mozilla/5.0 (Windows NT 10.0; Win64; x64) AppleWebKit/537.36 (KHTML, like Gecko) Chrome/137.0.0.0 Safari/537.36
    [sec-ch-ua] => "Google Chrome";v="137", "Chromium";v="137", "Not/A)Brand";v="24"
    [Content-Type] => application/json
    [sec-ch-ua-mobile] => ?0
    [Accept] => */*
    [Origin] => http://localhost
    [Sec-Fetch-Site] => same-origin
    [Sec-Fetch-Mode] => cors
    [Sec-Fetch-Dest] => empty
    [Referer] => http://localhost/sistema-frotas/pages/gestao_interativa.php
    [Accept-Encoding] => gzip, deflate, br, zstd
    [Accept-Language] => pt-BR,pt;q=0.9,en-US;q=0.8,en;q=0.7
    [Cookie] => sistema_frotas_session=4lj58urr8vif5paaedogmeflge; PHPSESSID=rotend38bsccp3ee6djppjfvun
)

[2025-06-17 18:04:51] Dados brutos recebidos: {"veiculo_id":"55","pneu_id":"10","posicao":"1","acao":"remover"}
[2025-06-17 18:04:51] Dados decodificados: Array
(
    [veiculo_id] => 55
    [pneu_id] => 10
    [posicao] => 1
    [acao] => remover
)

[2025-06-17 18:04:51] Dados extraídos: veiculo_id=55, pneu_id=10, posicao=1, acao='remover'
[2025-06-17 18:04:51] Conexão com banco estabelecida
[2025-06-17 18:04:51] Pneu validado
[2025-06-17 18:04:51] Veículo validado
[2025-06-17 18:04:51] Ação recebida: 'remover'
[2025-06-17 18:04:51] Executando ação: remover
[2025-06-17 18:04:51] Transação commitada com sucesso
[2025-06-17 18:04:51] Resposta: {"success":true,"message":"Pneu removido com sucesso"}
[2025-06-17 18:04:51] Resposta enviada com sucesso
[2025-06-17 18:04:51] === FIM API TESTE ALOCAÇÃO ===
