[22-Feb-2026 22:54:30 America/Sao_Paulo] Session state in despesas_fixas.php: Array
(
    [acesso_todas_empresas] => 
    [loggedin] => 1
    [id] => 30
    [usuario_id] => 30
    [nome] => Desenvolvimento
    [email] => Desenvolvimento@frotec.com
    [foto_perfil] => 
    [tipo_usuario] => admin
    [empresa_id] => 1
)

[22-Feb-2026 22:54:30 America/Sao_Paulo] Session state in despesas_fixas.php: Array
(
    [acesso_todas_empresas] => 
    [loggedin] => 1
    [id] => 30
    [usuario_id] => 30
    [nome] => Desenvolvimento
    [email] => Desenvolvimento@frotec.com
    [foto_perfil] => 
    [tipo_usuario] => admin
    [empresa_id] => 1
)

[22-Feb-2026 22:54:33 America/Sao_Paulo] Session state in despesas_fixas.php: Array
(
    [acesso_todas_empresas] => 
    [loggedin] => 1
    [id] => 30
    [usuario_id] => 30
    [nome] => Desenvolvimento
    [email] => Desenvolvimento@frotec.com
    [foto_perfil] => 
    [tipo_usuario] => admin
    [empresa_id] => 1
)

[22-Feb-2026 22:54:33 America/Sao_Paulo] Session state in despesas_fixas.php: Array
(
    [acesso_todas_empresas] => 
    [loggedin] => 1
    [id] => 30
    [usuario_id] => 30
    [nome] => Desenvolvimento
    [email] => Desenvolvimento@frotec.com
    [foto_perfil] => 
    [tipo_usuario] => admin
    [empresa_id] => 1
)

[22-Feb-2026 22:54:33 America/Sao_Paulo] Session state in despesas_fixas.php: Array
(
    [acesso_todas_empresas] => 
    [loggedin] => 1
    [id] => 30
    [usuario_id] => 30
    [nome] => Desenvolvimento
    [email] => Desenvolvimento@frotec.com
    [foto_perfil] => 
    [tipo_usuario] => admin
    [empresa_id] => 1
)

[22-Feb-2026 22:54:34 America/Sao_Paulo] Session state in despesas_fixas.php: Array
(
    [acesso_todas_empresas] => 
    [loggedin] => 1
    [id] => 30
    [usuario_id] => 30
    [nome] => Desenvolvimento
    [email] => Desenvolvimento@frotec.com
    [foto_perfil] => 
    [tipo_usuario] => admin
    [empresa_id] => 1
)

[22-Feb-2026 22:54:34 America/Sao_Paulo] Session state in despesas_fixas.php: Array
(
    [acesso_todas_empresas] => 
    [loggedin] => 1
    [id] => 30
    [usuario_id] => 30
    [nome] => Desenvolvimento
    [email] => Desenvolvimento@frotec.com
    [foto_perfil] => 
    [tipo_usuario] => admin
    [empresa_id] => 1
)

[22-Feb-2026 22:54:35 America/Sao_Paulo] Session state in despesas_fixas.php: Array
(
    [acesso_todas_empresas] => 
    [loggedin] => 1
    [id] => 30
    [usuario_id] => 30
    [nome] => Desenvolvimento
    [email] => Desenvolvimento@frotec.com
    [foto_perfil] => 
    [tipo_usuario] => admin
    [empresa_id] => 1
)

[22-Feb-2026 22:55:23 America/Sao_Paulo] Session state in despesas_fixas.php: Array
(
    [acesso_todas_empresas] => 
    [loggedin] => 1
    [id] => 30
    [usuario_id] => 30
    [nome] => Desenvolvimento
    [email] => Desenvolvimento@frotec.com
    [foto_perfil] => 
    [tipo_usuario] => admin
    [empresa_id] => 1
)

[22-Feb-2026 22:55:23 America/Sao_Paulo] Session state in despesas_fixas.php: Array
(
    [acesso_todas_empresas] => 
    [loggedin] => 1
    [id] => 30
    [usuario_id] => 30
    [nome] => Desenvolvimento
    [email] => Desenvolvimento@frotec.com
    [foto_perfil] => 
    [tipo_usuario] => admin
    [empresa_id] => 1
)

[22-Feb-2026 22:57:51 America/Sao_Paulo] Session state in despesas_fixas.php: Array
(
    [acesso_todas_empresas] => 
    [loggedin] => 1
    [id] => 30
    [usuario_id] => 30
    [nome] => Desenvolvimento
    [email] => Desenvolvimento@frotec.com
    [foto_perfil] => 
    [tipo_usuario] => admin
    [empresa_id] => 1
)

[22-Feb-2026 22:57:51 America/Sao_Paulo] Session state in despesas_fixas.php: Array
(
    [acesso_todas_empresas] => 
    [loggedin] => 1
    [id] => 30
    [usuario_id] => 30
    [nome] => Desenvolvimento
    [email] => Desenvolvimento@frotec.com
    [foto_perfil] => 
    [tipo_usuario] => admin
    [empresa_id] => 1
)

[22-Feb-2026 23:03:59 America/Sao_Paulo] Session state in despesas_fixas.php: Array
(
    [acesso_todas_empresas] => 
    [loggedin] => 1
    [id] => 30
    [usuario_id] => 30
    [nome] => Desenvolvimento
    [email] => Desenvolvimento@frotec.com
    [foto_perfil] => 
    [tipo_usuario] => admin
    [empresa_id] => 1
)

[22-Feb-2026 23:03:59 America/Sao_Paulo] Session state in despesas_fixas.php: Array
(
    [acesso_todas_empresas] => 
    [loggedin] => 1
    [id] => 30
    [usuario_id] => 30
    [nome] => Desenvolvimento
    [email] => Desenvolvimento@frotec.com
    [foto_perfil] => 
    [tipo_usuario] => admin
    [empresa_id] => 1
)

[22-Feb-2026 23:04:39 America/Sao_Paulo] Session state in despesas_fixas.php: Array
(
    [acesso_todas_empresas] => 
    [loggedin] => 1
    [id] => 30
    [usuario_id] => 30
    [nome] => Desenvolvimento
    [email] => Desenvolvimento@frotec.com
    [foto_perfil] => 
    [tipo_usuario] => admin
    [empresa_id] => 1
)

[22-Feb-2026 23:04:39 America/Sao_Paulo] Session state in despesas_fixas.php: Array
(
    [acesso_todas_empresas] => 
    [loggedin] => 1
    [id] => 30
    [usuario_id] => 30
    [nome] => Desenvolvimento
    [email] => Desenvolvimento@frotec.com
    [foto_perfil] => 
    [tipo_usuario] => admin
    [empresa_id] => 1
)

[22-Feb-2026 23:05:32 America/Sao_Paulo] Session state in despesas_fixas.php: Array
(
    [acesso_todas_empresas] => 
    [loggedin] => 1
    [id] => 30
    [usuario_id] => 30
    [nome] => Desenvolvimento
    [email] => Desenvolvimento@frotec.com
    [foto_perfil] => 
    [tipo_usuario] => admin
    [empresa_id] => 1
)

[22-Feb-2026 23:05:32 America/Sao_Paulo] Session state in despesas_fixas.php: Array
(
    [acesso_todas_empresas] => 
    [loggedin] => 1
    [id] => 30
    [usuario_id] => 30
    [nome] => Desenvolvimento
    [email] => Desenvolvimento@frotec.com
    [foto_perfil] => 
    [tipo_usuario] => admin
    [empresa_id] => 1
)

[22-Feb-2026 23:05:34 America/Sao_Paulo] Session state in despesas_fixas.php: Array
(
    [acesso_todas_empresas] => 
    [loggedin] => 1
    [id] => 30
    [usuario_id] => 30
    [nome] => Desenvolvimento
    [email] => Desenvolvimento@frotec.com
    [foto_perfil] => 
    [tipo_usuario] => admin
    [empresa_id] => 1
)

[22-Feb-2026 23:05:34 America/Sao_Paulo] Session state in despesas_fixas.php: Array
(
    [acesso_todas_empresas] => 
    [loggedin] => 1
    [id] => 30
    [usuario_id] => 30
    [nome] => Desenvolvimento
    [email] => Desenvolvimento@frotec.com
    [foto_perfil] => 
    [tipo_usuario] => admin
    [empresa_id] => 1
)

[22-Feb-2026 23:05:40 America/Sao_Paulo] Session state in despesas_fixas.php: Array
(
    [acesso_todas_empresas] => 
    [loggedin] => 1
    [id] => 30
    [usuario_id] => 30
    [nome] => Desenvolvimento
    [email] => Desenvolvimento@frotec.com
    [foto_perfil] => 
    [tipo_usuario] => admin
    [empresa_id] => 1
)

[22-Feb-2026 23:05:41 America/Sao_Paulo] Session state in despesas_fixas.php: Array
(
    [acesso_todas_empresas] => 
    [loggedin] => 1
    [id] => 30
    [usuario_id] => 30
    [nome] => Desenvolvimento
    [email] => Desenvolvimento@frotec.com
    [foto_perfil] => 
    [tipo_usuario] => admin
    [empresa_id] => 1
)

[22-Feb-2026 23:05:41 America/Sao_Paulo] Session state in despesas_fixas.php: Array
(
    [acesso_todas_empresas] => 
    [loggedin] => 1
    [id] => 30
    [usuario_id] => 30
    [nome] => Desenvolvimento
    [email] => Desenvolvimento@frotec.com
    [foto_perfil] => 
    [tipo_usuario] => admin
    [empresa_id] => 1
)

[22-Feb-2026 23:05:41 America/Sao_Paulo] Session state in despesas_fixas.php: Array
(
    [acesso_todas_empresas] => 
    [loggedin] => 1
    [id] => 30
    [usuario_id] => 30
    [nome] => Desenvolvimento
    [email] => Desenvolvimento@frotec.com
    [foto_perfil] => 
    [tipo_usuario] => admin
    [empresa_id] => 1
)

[22-Feb-2026 23:05:43 America/Sao_Paulo] Session state in despesas_fixas.php: Array
(
    [acesso_todas_empresas] => 
    [loggedin] => 1
    [id] => 30
    [usuario_id] => 30
    [nome] => Desenvolvimento
    [email] => Desenvolvimento@frotec.com
    [foto_perfil] => 
    [tipo_usuario] => admin
    [empresa_id] => 1
)

[22-Feb-2026 23:05:43 America/Sao_Paulo] Session state in despesas_fixas.php: Array
(
    [acesso_todas_empresas] => 
    [loggedin] => 1
    [id] => 30
    [usuario_id] => 30
    [nome] => Desenvolvimento
    [email] => Desenvolvimento@frotec.com
    [foto_perfil] => 
    [tipo_usuario] => admin
    [empresa_id] => 1
)

[22-Feb-2026 23:05:43 America/Sao_Paulo] Session state in despesas_fixas.php: Array
(
    [acesso_todas_empresas] => 
    [loggedin] => 1
    [id] => 30
    [usuario_id] => 30
    [nome] => Desenvolvimento
    [email] => Desenvolvimento@frotec.com
    [foto_perfil] => 
    [tipo_usuario] => admin
    [empresa_id] => 1
)

[22-Feb-2026 23:05:50 America/Sao_Paulo] Session state in despesas_fixas.php: Array
(
    [acesso_todas_empresas] => 
    [loggedin] => 1
    [id] => 30
    [usuario_id] => 30
    [nome] => Desenvolvimento
    [email] => Desenvolvimento@frotec.com
    [foto_perfil] => 
    [tipo_usuario] => admin
    [empresa_id] => 1
)

[22-Feb-2026 23:05:53 America/Sao_Paulo] Session state in despesas_fixas.php: Array
(
    [acesso_todas_empresas] => 
    [loggedin] => 1
    [id] => 30
    [usuario_id] => 30
    [nome] => Desenvolvimento
    [email] => Desenvolvimento@frotec.com
    [foto_perfil] => 
    [tipo_usuario] => admin
    [empresa_id] => 1
)

[22-Feb-2026 23:05:54 America/Sao_Paulo] Session state in despesas_fixas.php: Array
(
    [acesso_todas_empresas] => 
    [loggedin] => 1
    [id] => 30
    [usuario_id] => 30
    [nome] => Desenvolvimento
    [email] => Desenvolvimento@frotec.com
    [foto_perfil] => 
    [tipo_usuario] => admin
    [empresa_id] => 1
)

[22-Feb-2026 23:05:55 America/Sao_Paulo] Session state in despesas_fixas.php: Array
(
    [acesso_todas_empresas] => 
    [loggedin] => 1
    [id] => 30
    [usuario_id] => 30
    [nome] => Desenvolvimento
    [email] => Desenvolvimento@frotec.com
    [foto_perfil] => 
    [tipo_usuario] => admin
    [empresa_id] => 1
)

[22-Feb-2026 23:05:55 America/Sao_Paulo] Session state in despesas_fixas.php: Array
(
    [acesso_todas_empresas] => 
    [loggedin] => 1
    [id] => 30
    [usuario_id] => 30
    [nome] => Desenvolvimento
    [email] => Desenvolvimento@frotec.com
    [foto_perfil] => 
    [tipo_usuario] => admin
    [empresa_id] => 1
)

[22-Feb-2026 23:05:57 America/Sao_Paulo] Session state in despesas_fixas.php: Array
(
    [acesso_todas_empresas] => 
    [loggedin] => 1
    [id] => 30
    [usuario_id] => 30
    [nome] => Desenvolvimento
    [email] => Desenvolvimento@frotec.com
    [foto_perfil] => 
    [tipo_usuario] => admin
    [empresa_id] => 1
)

[22-Feb-2026 23:05:58 America/Sao_Paulo] Session state in despesas_fixas.php: Array
(
    [acesso_todas_empresas] => 
    [loggedin] => 1
    [id] => 30
    [usuario_id] => 30
    [nome] => Desenvolvimento
    [email] => Desenvolvimento@frotec.com
    [foto_perfil] => 
    [tipo_usuario] => admin
    [empresa_id] => 1
)

[22-Feb-2026 23:05:58 America/Sao_Paulo] Session state in despesas_fixas.php: Array
(
    [acesso_todas_empresas] => 
    [loggedin] => 1
    [id] => 30
    [usuario_id] => 30
    [nome] => Desenvolvimento
    [email] => Desenvolvimento@frotec.com
    [foto_perfil] => 
    [tipo_usuario] => admin
    [empresa_id] => 1
)

[22-Feb-2026 23:05:59 America/Sao_Paulo] Session state in despesas_fixas.php: Array
(
    [acesso_todas_empresas] => 
    [loggedin] => 1
    [id] => 30
    [usuario_id] => 30
    [nome] => Desenvolvimento
    [email] => Desenvolvimento@frotec.com
    [foto_perfil] => 
    [tipo_usuario] => admin
    [empresa_id] => 1
)

[22-Feb-2026 23:06:03 America/Sao_Paulo] Session state in despesas_fixas.php: Array
(
    [acesso_todas_empresas] => 
    [loggedin] => 1
    [id] => 30
    [usuario_id] => 30
    [nome] => Desenvolvimento
    [email] => Desenvolvimento@frotec.com
    [foto_perfil] => 
    [tipo_usuario] => admin
    [empresa_id] => 1
)

[22-Feb-2026 23:06:03 America/Sao_Paulo] Session state in despesas_fixas.php: Array
(
    [acesso_todas_empresas] => 
    [loggedin] => 1
    [id] => 30
    [usuario_id] => 30
    [nome] => Desenvolvimento
    [email] => Desenvolvimento@frotec.com
    [foto_perfil] => 
    [tipo_usuario] => admin
    [empresa_id] => 1
)

[22-Feb-2026 23:06:05 America/Sao_Paulo] Session state in despesas_fixas.php: Array
(
    [acesso_todas_empresas] => 
    [loggedin] => 1
    [id] => 30
    [usuario_id] => 30
    [nome] => Desenvolvimento
    [email] => Desenvolvimento@frotec.com
    [foto_perfil] => 
    [tipo_usuario] => admin
    [empresa_id] => 1
)

[22-Feb-2026 23:06:05 America/Sao_Paulo] Session state in despesas_fixas.php: Array
(
    [acesso_todas_empresas] => 
    [loggedin] => 1
    [id] => 30
    [usuario_id] => 30
    [nome] => Desenvolvimento
    [email] => Desenvolvimento@frotec.com
    [foto_perfil] => 
    [tipo_usuario] => admin
    [empresa_id] => 1
)

[22-Feb-2026 23:06:29 America/Sao_Paulo] Session state in despesas_fixas.php: Array
(
    [acesso_todas_empresas] => 
    [loggedin] => 1
    [id] => 30
    [usuario_id] => 30
    [nome] => Desenvolvimento
    [email] => Desenvolvimento@frotec.com
    [foto_perfil] => 
    [tipo_usuario] => admin
    [empresa_id] => 1
)

[22-Feb-2026 23:06:30 America/Sao_Paulo] Session state in despesas_fixas.php: Array
(
    [acesso_todas_empresas] => 
    [loggedin] => 1
    [id] => 30
    [usuario_id] => 30
    [nome] => Desenvolvimento
    [email] => Desenvolvimento@frotec.com
    [foto_perfil] => 
    [tipo_usuario] => admin
    [empresa_id] => 1
)

[22-Feb-2026 23:06:40 America/Sao_Paulo] Session state in despesas_fixas.php: Array
(
    [acesso_todas_empresas] => 
    [loggedin] => 1
    [id] => 30
    [usuario_id] => 30
    [nome] => Desenvolvimento
    [email] => Desenvolvimento@frotec.com
    [foto_perfil] => 
    [tipo_usuario] => admin
    [empresa_id] => 1
)

[22-Feb-2026 23:06:40 America/Sao_Paulo] Session state in despesas_fixas.php: Array
(
    [acesso_todas_empresas] => 
    [loggedin] => 1
    [id] => 30
    [usuario_id] => 30
    [nome] => Desenvolvimento
    [email] => Desenvolvimento@frotec.com
    [foto_perfil] => 
    [tipo_usuario] => admin
    [empresa_id] => 1
)

[22-Feb-2026 23:06:40 America/Sao_Paulo] Session state in despesas_fixas.php: Array
(
    [acesso_todas_empresas] => 
    [loggedin] => 1
    [id] => 30
    [usuario_id] => 30
    [nome] => Desenvolvimento
    [email] => Desenvolvimento@frotec.com
    [foto_perfil] => 
    [tipo_usuario] => admin
    [empresa_id] => 1
)

[22-Feb-2026 23:06:41 America/Sao_Paulo] Session state in despesas_fixas.php: Array
(
    [acesso_todas_empresas] => 
    [loggedin] => 1
    [id] => 30
    [usuario_id] => 30
    [nome] => Desenvolvimento
    [email] => Desenvolvimento@frotec.com
    [foto_perfil] => 
    [tipo_usuario] => admin
    [empresa_id] => 1
)

[22-Feb-2026 23:06:41 America/Sao_Paulo] Session state in despesas_fixas.php: Array
(
    [acesso_todas_empresas] => 
    [loggedin] => 1
    [id] => 30
    [usuario_id] => 30
    [nome] => Desenvolvimento
    [email] => Desenvolvimento@frotec.com
    [foto_perfil] => 
    [tipo_usuario] => admin
    [empresa_id] => 1
)

[22-Feb-2026 23:06:41 America/Sao_Paulo] Session state in despesas_fixas.php: Array
(
    [acesso_todas_empresas] => 
    [loggedin] => 1
    [id] => 30
    [usuario_id] => 30
    [nome] => Desenvolvimento
    [email] => Desenvolvimento@frotec.com
    [foto_perfil] => 
    [tipo_usuario] => admin
    [empresa_id] => 1
)

[22-Feb-2026 23:06:42 America/Sao_Paulo] Session state in despesas_fixas.php: Array
(
    [acesso_todas_empresas] => 
    [loggedin] => 1
    [id] => 30
    [usuario_id] => 30
    [nome] => Desenvolvimento
    [email] => Desenvolvimento@frotec.com
    [foto_perfil] => 
    [tipo_usuario] => admin
    [empresa_id] => 1
)

[22-Feb-2026 23:06:44 America/Sao_Paulo] Session state in despesas_fixas.php: Array
(
    [acesso_todas_empresas] => 
    [loggedin] => 1
    [id] => 30
    [usuario_id] => 30
    [nome] => Desenvolvimento
    [email] => Desenvolvimento@frotec.com
    [foto_perfil] => 
    [tipo_usuario] => admin
    [empresa_id] => 1
)

[22-Feb-2026 23:06:44 America/Sao_Paulo] Session state in despesas_fixas.php: Array
(
    [acesso_todas_empresas] => 
    [loggedin] => 1
    [id] => 30
    [usuario_id] => 30
    [nome] => Desenvolvimento
    [email] => Desenvolvimento@frotec.com
    [foto_perfil] => 
    [tipo_usuario] => admin
    [empresa_id] => 1
)

[22-Feb-2026 23:06:44 America/Sao_Paulo] Session state in despesas_fixas.php: Array
(
    [acesso_todas_empresas] => 
    [loggedin] => 1
    [id] => 30
    [usuario_id] => 30
    [nome] => Desenvolvimento
    [email] => Desenvolvimento@frotec.com
    [foto_perfil] => 
    [tipo_usuario] => admin
    [empresa_id] => 1
)

[22-Feb-2026 23:06:49 America/Sao_Paulo] Session state in despesas_fixas.php: Array
(
    [acesso_todas_empresas] => 
    [loggedin] => 1
    [id] => 30
    [usuario_id] => 30
    [nome] => Desenvolvimento
    [email] => Desenvolvimento@frotec.com
    [foto_perfil] => 
    [tipo_usuario] => admin
    [empresa_id] => 1
)

[22-Feb-2026 23:06:52 America/Sao_Paulo] Session state in despesas_fixas.php: Array
(
    [acesso_todas_empresas] => 
    [loggedin] => 1
    [id] => 30
    [usuario_id] => 30
    [nome] => Desenvolvimento
    [email] => Desenvolvimento@frotec.com
    [foto_perfil] => 
    [tipo_usuario] => admin
    [empresa_id] => 1
)

[22-Feb-2026 23:06:53 America/Sao_Paulo] Session state in despesas_fixas.php: Array
(
    [acesso_todas_empresas] => 
    [loggedin] => 1
    [id] => 30
    [usuario_id] => 30
    [nome] => Desenvolvimento
    [email] => Desenvolvimento@frotec.com
    [foto_perfil] => 
    [tipo_usuario] => admin
    [empresa_id] => 1
)

[22-Feb-2026 23:06:56 America/Sao_Paulo] Session state in despesas_fixas.php: Array
(
    [acesso_todas_empresas] => 
    [loggedin] => 1
    [id] => 30
    [usuario_id] => 30
    [nome] => Desenvolvimento
    [email] => Desenvolvimento@frotec.com
    [foto_perfil] => 
    [tipo_usuario] => admin
    [empresa_id] => 1
)

[22-Feb-2026 23:06:56 America/Sao_Paulo] Session state in despesas_fixas.php: Array
(
    [acesso_todas_empresas] => 
    [loggedin] => 1
    [id] => 30
    [usuario_id] => 30
    [nome] => Desenvolvimento
    [email] => Desenvolvimento@frotec.com
    [foto_perfil] => 
    [tipo_usuario] => admin
    [empresa_id] => 1
)

[22-Feb-2026 23:06:58 America/Sao_Paulo] Session state in despesas_fixas.php: Array
(
    [acesso_todas_empresas] => 
    [loggedin] => 1
    [id] => 30
    [usuario_id] => 30
    [nome] => Desenvolvimento
    [email] => Desenvolvimento@frotec.com
    [foto_perfil] => 
    [tipo_usuario] => admin
    [empresa_id] => 1
)

[22-Feb-2026 23:06:58 America/Sao_Paulo] Session state in despesas_fixas.php: Array
(
    [acesso_todas_empresas] => 
    [loggedin] => 1
    [id] => 30
    [usuario_id] => 30
    [nome] => Desenvolvimento
    [email] => Desenvolvimento@frotec.com
    [foto_perfil] => 
    [tipo_usuario] => admin
    [empresa_id] => 1
)

[22-Feb-2026 23:07:06 America/Sao_Paulo] Session state in despesas_fixas.php: Array
(
    [acesso_todas_empresas] => 
    [loggedin] => 1
    [id] => 30
    [usuario_id] => 30
    [nome] => Desenvolvimento
    [email] => Desenvolvimento@frotec.com
    [foto_perfil] => 
    [tipo_usuario] => admin
    [empresa_id] => 1
)

[22-Feb-2026 23:07:06 America/Sao_Paulo] Session state in despesas_fixas.php: Array
(
    [acesso_todas_empresas] => 
    [loggedin] => 1
    [id] => 30
    [usuario_id] => 30
    [nome] => Desenvolvimento
    [email] => Desenvolvimento@frotec.com
    [foto_perfil] => 
    [tipo_usuario] => admin
    [empresa_id] => 1
)

[22-Feb-2026 23:07:18 America/Sao_Paulo] Session state in despesas_fixas.php: Array
(
    [acesso_todas_empresas] => 
    [loggedin] => 1
    [id] => 30
    [usuario_id] => 30
    [nome] => Desenvolvimento
    [email] => Desenvolvimento@frotec.com
    [foto_perfil] => 
    [tipo_usuario] => admin
    [empresa_id] => 1
)

[22-Feb-2026 23:07:18 America/Sao_Paulo] Session state in despesas_fixas.php: Array
(
    [acesso_todas_empresas] => 
    [loggedin] => 1
    [id] => 30
    [usuario_id] => 30
    [nome] => Desenvolvimento
    [email] => Desenvolvimento@frotec.com
    [foto_perfil] => 
    [tipo_usuario] => admin
    [empresa_id] => 1
)

[22-Feb-2026 23:07:34 America/Sao_Paulo] Session state in despesas_fixas.php: Array
(
    [acesso_todas_empresas] => 
    [loggedin] => 1
    [id] => 30
    [usuario_id] => 30
    [nome] => Desenvolvimento
    [email] => Desenvolvimento@frotec.com
    [foto_perfil] => 
    [tipo_usuario] => admin
    [empresa_id] => 1
)

[22-Feb-2026 23:07:34 America/Sao_Paulo] Session state in despesas_fixas.php: Array
(
    [acesso_todas_empresas] => 
    [loggedin] => 1
    [id] => 30
    [usuario_id] => 30
    [nome] => Desenvolvimento
    [email] => Desenvolvimento@frotec.com
    [foto_perfil] => 
    [tipo_usuario] => admin
    [empresa_id] => 1
)

[22-Feb-2026 23:10:14 America/Sao_Paulo] Session state in despesas_fixas.php: Array
(
    [acesso_todas_empresas] => 
    [loggedin] => 1
    [id] => 30
    [usuario_id] => 30
    [nome] => Desenvolvimento
    [email] => Desenvolvimento@frotec.com
    [foto_perfil] => 
    [tipo_usuario] => admin
    [empresa_id] => 1
)

[22-Feb-2026 23:10:14 America/Sao_Paulo] Session state in despesas_fixas.php: Array
(
    [acesso_todas_empresas] => 
    [loggedin] => 1
    [id] => 30
    [usuario_id] => 30
    [nome] => Desenvolvimento
    [email] => Desenvolvimento@frotec.com
    [foto_perfil] => 
    [tipo_usuario] => admin
    [empresa_id] => 1
)

[22-Feb-2026 23:10:15 America/Sao_Paulo] Session state in despesas_fixas.php: Array
(
    [acesso_todas_empresas] => 
    [loggedin] => 1
    [id] => 30
    [usuario_id] => 30
    [nome] => Desenvolvimento
    [email] => Desenvolvimento@frotec.com
    [foto_perfil] => 
    [tipo_usuario] => admin
    [empresa_id] => 1
)

[22-Feb-2026 23:10:15 America/Sao_Paulo] Session state in despesas_fixas.php: Array
(
    [acesso_todas_empresas] => 
    [loggedin] => 1
    [id] => 30
    [usuario_id] => 30
    [nome] => Desenvolvimento
    [email] => Desenvolvimento@frotec.com
    [foto_perfil] => 
    [tipo_usuario] => admin
    [empresa_id] => 1
)

[22-Feb-2026 23:10:19 America/Sao_Paulo] Session state in despesas_fixas.php: Array
(
    [acesso_todas_empresas] => 
    [loggedin] => 1
    [id] => 30
    [usuario_id] => 30
    [nome] => Desenvolvimento
    [email] => Desenvolvimento@frotec.com
    [foto_perfil] => 
    [tipo_usuario] => admin
    [empresa_id] => 1
)

[22-Feb-2026 23:10:19 America/Sao_Paulo] Session state in despesas_fixas.php: Array
(
    [acesso_todas_empresas] => 
    [loggedin] => 1
    [id] => 30
    [usuario_id] => 30
    [nome] => Desenvolvimento
    [email] => Desenvolvimento@frotec.com
    [foto_perfil] => 
    [tipo_usuario] => admin
    [empresa_id] => 1
)

[22-Feb-2026 23:10:23 America/Sao_Paulo] Session state in despesas_fixas.php: Array
(
    [acesso_todas_empresas] => 
    [loggedin] => 1
    [id] => 30
    [usuario_id] => 30
    [nome] => Desenvolvimento
    [email] => Desenvolvimento@frotec.com
    [foto_perfil] => 
    [tipo_usuario] => admin
    [empresa_id] => 1
)

[22-Feb-2026 23:10:23 America/Sao_Paulo] Session state in despesas_fixas.php: Array
(
    [acesso_todas_empresas] => 
    [loggedin] => 1
    [id] => 30
    [usuario_id] => 30
    [nome] => Desenvolvimento
    [email] => Desenvolvimento@frotec.com
    [foto_perfil] => 
    [tipo_usuario] => admin
    [empresa_id] => 1
)

[22-Feb-2026 23:10:29 America/Sao_Paulo] Session state in despesas_fixas.php: Array
(
    [acesso_todas_empresas] => 
    [loggedin] => 1
    [id] => 30
    [usuario_id] => 30
    [nome] => Desenvolvimento
    [email] => Desenvolvimento@frotec.com
    [foto_perfil] => 
    [tipo_usuario] => admin
    [empresa_id] => 1
)

[22-Feb-2026 23:10:29 America/Sao_Paulo] Session state in despesas_fixas.php: Array
(
    [acesso_todas_empresas] => 
    [loggedin] => 1
    [id] => 30
    [usuario_id] => 30
    [nome] => Desenvolvimento
    [email] => Desenvolvimento@frotec.com
    [foto_perfil] => 
    [tipo_usuario] => admin
    [empresa_id] => 1
)

[25-Feb-2026 03:01:23 America/Sao_Paulo] Session state in vehicles.php: Array
(
    [redirect_url] => /sistema-frotas/fiscal/pages/cte.php
    [acesso_todas_empresas] => 
    [loggedin] => 1
    [id] => 30
    [usuario_id] => 30
    [nome] => Desenvolvimento
    [email] => Desenvolvimento@frotec.com
    [foto_perfil] => 
    [tipo_usuario] => admin
    [empresa_id] => 1
)

[25-Feb-2026 03:01:23 America/Sao_Paulo] SQL Query: SELECT v.id, v.placa, v.modelo 
                   FROM veiculos v
                   WHERE v.empresa_id = :empresa_id 
                   ORDER BY v.placa
[25-Feb-2026 03:01:23 America/Sao_Paulo] empresa_id: 1
[25-Feb-2026 03:01:23 America/Sao_Paulo] Found vehicles: Array
(
    [0] => Array
        (
            [id] => 59
            [placa] => 222-222
            [modelo] => teste
        )

    [1] => Array
        (
            [id] => 66
            [placa] => ABC-1234
            [modelo] => Mercedes-Benz Actros
        )

    [2] => Array
        (
            [id] => 55
            [placa] => AIF-440
            [modelo] => Fiorino
        )

    [3] => Array
        (
            [id] => 64
            [placa] => AQWERTY
            [modelo] => teste
        )

    [4] => Array
        (
            [id] => 56
            [placa] => ATM-3588
            [modelo] => Scania 770
        )

    [5] => Array
        (
            [id] => 68
            [placa] => DEF-9012
            [modelo] => Scania R450
        )

    [6] => Array
        (
            [id] => 67
            [placa] => XYZ-5678
            [modelo] => Volvo FH
        )

)

[25-Feb-2026 03:03:15 America/Sao_Paulo] Session state in vehicles.php: Array
(
    [redirect_url] => /sistema-frotas/fiscal/pages/cte.php
    [acesso_todas_empresas] => 
    [loggedin] => 1
    [id] => 30
    [usuario_id] => 30
    [nome] => Desenvolvimento
    [email] => Desenvolvimento@frotec.com
    [foto_perfil] => 
    [tipo_usuario] => admin
    [empresa_id] => 1
)

[25-Feb-2026 03:03:15 America/Sao_Paulo] SQL Query: SELECT v.id, v.placa, v.modelo 
                   FROM veiculos v
                   WHERE v.empresa_id = :empresa_id 
                   ORDER BY v.placa
[25-Feb-2026 03:03:15 America/Sao_Paulo] empresa_id: 1
[25-Feb-2026 03:03:15 America/Sao_Paulo] Found vehicles: Array
(
    [0] => Array
        (
            [id] => 59
            [placa] => 222-222
            [modelo] => teste
        )

    [1] => Array
        (
            [id] => 66
            [placa] => ABC-1234
            [modelo] => Mercedes-Benz Actros
        )

    [2] => Array
        (
            [id] => 55
            [placa] => AIF-440
            [modelo] => Fiorino
        )

    [3] => Array
        (
            [id] => 64
            [placa] => AQWERTY
            [modelo] => teste
        )

    [4] => Array
        (
            [id] => 56
            [placa] => ATM-3588
            [modelo] => Scania 770
        )

    [5] => Array
        (
            [id] => 68
            [placa] => DEF-9012
            [modelo] => Scania R450
        )

    [6] => Array
        (
            [id] => 67
            [placa] => XYZ-5678
            [modelo] => Volvo FH
        )

)

[25-Feb-2026 03:11:25 America/Sao_Paulo] Session state in vehicles.php: Array
(
    [redirect_url] => /sistema-frotas/fiscal/pages/cte.php
    [acesso_todas_empresas] => 
    [loggedin] => 1
    [id] => 30
    [usuario_id] => 30
    [nome] => Desenvolvimento
    [email] => Desenvolvimento@frotec.com
    [foto_perfil] => 
    [tipo_usuario] => admin
    [empresa_id] => 1
)

[25-Feb-2026 03:11:25 America/Sao_Paulo] SQL Query: SELECT v.id, v.placa, v.modelo 
                   FROM veiculos v
                   WHERE v.empresa_id = :empresa_id 
                   ORDER BY v.placa
[25-Feb-2026 03:11:25 America/Sao_Paulo] empresa_id: 1
[25-Feb-2026 03:11:25 America/Sao_Paulo] Found vehicles: Array
(
    [0] => Array
        (
            [id] => 59
            [placa] => 222-222
            [modelo] => teste
        )

    [1] => Array
        (
            [id] => 66
            [placa] => ABC-1234
            [modelo] => Mercedes-Benz Actros
        )

    [2] => Array
        (
            [id] => 55
            [placa] => AIF-440
            [modelo] => Fiorino
        )

    [3] => Array
        (
            [id] => 64
            [placa] => AQWERTY
            [modelo] => teste
        )

    [4] => Array
        (
            [id] => 56
            [placa] => ATM-3588
            [modelo] => Scania 770
        )

    [5] => Array
        (
            [id] => 68
            [placa] => DEF-9012
            [modelo] => Scania R450
        )

    [6] => Array
        (
            [id] => 67
            [placa] => XYZ-5678
            [modelo] => Volvo FH
        )

)

[25-Feb-2026 03:11:31 America/Sao_Paulo] Session state in vehicles.php: Array
(
    [redirect_url] => /sistema-frotas/fiscal/pages/cte.php
    [acesso_todas_empresas] => 
    [loggedin] => 1
    [id] => 30
    [usuario_id] => 30
    [nome] => Desenvolvimento
    [email] => Desenvolvimento@frotec.com
    [foto_perfil] => 
    [tipo_usuario] => admin
    [empresa_id] => 1
)

[25-Feb-2026 03:11:31 America/Sao_Paulo] SQL Query: SELECT v.id, v.placa, v.modelo 
                   FROM veiculos v
                   WHERE v.empresa_id = :empresa_id 
                   ORDER BY v.placa
[25-Feb-2026 03:11:31 America/Sao_Paulo] empresa_id: 1
[25-Feb-2026 03:11:31 America/Sao_Paulo] Found vehicles: Array
(
    [0] => Array
        (
            [id] => 59
            [placa] => 222-222
            [modelo] => teste
        )

    [1] => Array
        (
            [id] => 66
            [placa] => ABC-1234
            [modelo] => Mercedes-Benz Actros
        )

    [2] => Array
        (
            [id] => 55
            [placa] => AIF-440
            [modelo] => Fiorino
        )

    [3] => Array
        (
            [id] => 64
            [placa] => AQWERTY
            [modelo] => teste
        )

    [4] => Array
        (
            [id] => 56
            [placa] => ATM-3588
            [modelo] => Scania 770
        )

    [5] => Array
        (
            [id] => 68
            [placa] => DEF-9012
            [modelo] => Scania R450
        )

    [6] => Array
        (
            [id] => 67
            [placa] => XYZ-5678
            [modelo] => Volvo FH
        )

)

[25-Feb-2026 03:11:34 America/Sao_Paulo] Session state in vehicles.php: Array
(
    [redirect_url] => /sistema-frotas/fiscal/pages/cte.php
    [acesso_todas_empresas] => 
    [loggedin] => 1
    [id] => 30
    [usuario_id] => 30
    [nome] => Desenvolvimento
    [email] => Desenvolvimento@frotec.com
    [foto_perfil] => 
    [tipo_usuario] => admin
    [empresa_id] => 1
)

[25-Feb-2026 03:11:34 America/Sao_Paulo] SQL Query: SELECT v.id, v.placa, v.modelo 
                   FROM veiculos v
                   WHERE v.empresa_id = :empresa_id 
                   ORDER BY v.placa
[25-Feb-2026 03:11:34 America/Sao_Paulo] empresa_id: 1
[25-Feb-2026 03:11:34 America/Sao_Paulo] Found vehicles: Array
(
    [0] => Array
        (
            [id] => 59
            [placa] => 222-222
            [modelo] => teste
        )

    [1] => Array
        (
            [id] => 66
            [placa] => ABC-1234
            [modelo] => Mercedes-Benz Actros
        )

    [2] => Array
        (
            [id] => 55
            [placa] => AIF-440
            [modelo] => Fiorino
        )

    [3] => Array
        (
            [id] => 64
            [placa] => AQWERTY
            [modelo] => teste
        )

    [4] => Array
        (
            [id] => 56
            [placa] => ATM-3588
            [modelo] => Scania 770
        )

    [5] => Array
        (
            [id] => 68
            [placa] => DEF-9012
            [modelo] => Scania R450
        )

    [6] => Array
        (
            [id] => 67
            [placa] => XYZ-5678
            [modelo] => Volvo FH
        )

)

[25-Feb-2026 03:13:13 America/Sao_Paulo] Session state in vehicles.php: Array
(
    [redirect_url] => /sistema-frotas/fiscal/pages/cte.php
    [acesso_todas_empresas] => 
    [loggedin] => 1
    [id] => 30
    [usuario_id] => 30
    [nome] => Desenvolvimento
    [email] => Desenvolvimento@frotec.com
    [foto_perfil] => 
    [tipo_usuario] => admin
    [empresa_id] => 1
)

[25-Feb-2026 03:13:13 America/Sao_Paulo] SQL Query: SELECT v.id, v.placa, v.modelo 
                   FROM veiculos v
                   WHERE v.empresa_id = :empresa_id 
                   ORDER BY v.placa
[25-Feb-2026 03:13:13 America/Sao_Paulo] empresa_id: 1
[25-Feb-2026 03:13:13 America/Sao_Paulo] Found vehicles: Array
(
    [0] => Array
        (
            [id] => 59
            [placa] => 222-222
            [modelo] => teste
        )

    [1] => Array
        (
            [id] => 66
            [placa] => ABC-1234
            [modelo] => Mercedes-Benz Actros
        )

    [2] => Array
        (
            [id] => 55
            [placa] => AIF-440
            [modelo] => Fiorino
        )

    [3] => Array
        (
            [id] => 64
            [placa] => AQWERTY
            [modelo] => teste
        )

    [4] => Array
        (
            [id] => 56
            [placa] => ATM-3588
            [modelo] => Scania 770
        )

    [5] => Array
        (
            [id] => 68
            [placa] => DEF-9012
            [modelo] => Scania R450
        )

    [6] => Array
        (
            [id] => 67
            [placa] => XYZ-5678
            [modelo] => Volvo FH
        )

)

[25-Feb-2026 03:13:14 America/Sao_Paulo] Session state in vehicles.php: Array
(
    [redirect_url] => /sistema-frotas/fiscal/pages/cte.php
    [acesso_todas_empresas] => 
    [loggedin] => 1
    [id] => 30
    [usuario_id] => 30
    [nome] => Desenvolvimento
    [email] => Desenvolvimento@frotec.com
    [foto_perfil] => 
    [tipo_usuario] => admin
    [empresa_id] => 1
)

[25-Feb-2026 03:13:14 America/Sao_Paulo] SQL Query: SELECT v.id, v.placa, v.modelo 
                   FROM veiculos v
                   WHERE v.empresa_id = :empresa_id 
                   ORDER BY v.placa
[25-Feb-2026 03:13:14 America/Sao_Paulo] empresa_id: 1
[25-Feb-2026 03:13:14 America/Sao_Paulo] Found vehicles: Array
(
    [0] => Array
        (
            [id] => 59
            [placa] => 222-222
            [modelo] => teste
        )

    [1] => Array
        (
            [id] => 66
            [placa] => ABC-1234
            [modelo] => Mercedes-Benz Actros
        )

    [2] => Array
        (
            [id] => 55
            [placa] => AIF-440
            [modelo] => Fiorino
        )

    [3] => Array
        (
            [id] => 64
            [placa] => AQWERTY
            [modelo] => teste
        )

    [4] => Array
        (
            [id] => 56
            [placa] => ATM-3588
            [modelo] => Scania 770
        )

    [5] => Array
        (
            [id] => 68
            [placa] => DEF-9012
            [modelo] => Scania R450
        )

    [6] => Array
        (
            [id] => 67
            [placa] => XYZ-5678
            [modelo] => Volvo FH
        )

)

[25-Feb-2026 03:17:51 America/Sao_Paulo] Session state in vehicles.php: Array
(
    [redirect_url] => /sistema-frotas/fiscal/pages/cte.php
    [acesso_todas_empresas] => 
    [loggedin] => 1
    [id] => 30
    [usuario_id] => 30
    [nome] => Desenvolvimento
    [email] => Desenvolvimento@frotec.com
    [foto_perfil] => 
    [tipo_usuario] => admin
    [empresa_id] => 1
)

[25-Feb-2026 03:17:51 America/Sao_Paulo] SQL Query: SELECT v.id, v.placa, v.modelo 
                   FROM veiculos v
                   WHERE v.empresa_id = :empresa_id 
                   ORDER BY v.placa
[25-Feb-2026 03:17:51 America/Sao_Paulo] empresa_id: 1
[25-Feb-2026 03:17:51 America/Sao_Paulo] Found vehicles: Array
(
    [0] => Array
        (
            [id] => 59
            [placa] => 222-222
            [modelo] => teste
        )

    [1] => Array
        (
            [id] => 66
            [placa] => ABC-1234
            [modelo] => Mercedes-Benz Actros
        )

    [2] => Array
        (
            [id] => 55
            [placa] => AIF-440
            [modelo] => Fiorino
        )

    [3] => Array
        (
            [id] => 64
            [placa] => AQWERTY
            [modelo] => teste
        )

    [4] => Array
        (
            [id] => 56
            [placa] => ATM-3588
            [modelo] => Scania 770
        )

    [5] => Array
        (
            [id] => 68
            [placa] => DEF-9012
            [modelo] => Scania R450
        )

    [6] => Array
        (
            [id] => 67
            [placa] => XYZ-5678
            [modelo] => Volvo FH
        )

)

[25-Feb-2026 03:17:52 America/Sao_Paulo] Session state in vehicles.php: Array
(
    [redirect_url] => /sistema-frotas/fiscal/pages/cte.php
    [acesso_todas_empresas] => 
    [loggedin] => 1
    [id] => 30
    [usuario_id] => 30
    [nome] => Desenvolvimento
    [email] => Desenvolvimento@frotec.com
    [foto_perfil] => 
    [tipo_usuario] => admin
    [empresa_id] => 1
)

[25-Feb-2026 03:17:52 America/Sao_Paulo] SQL Query: SELECT v.id, v.placa, v.modelo 
                   FROM veiculos v
                   WHERE v.empresa_id = :empresa_id 
                   ORDER BY v.placa
[25-Feb-2026 03:17:52 America/Sao_Paulo] empresa_id: 1
[25-Feb-2026 03:17:52 America/Sao_Paulo] Found vehicles: Array
(
    [0] => Array
        (
            [id] => 59
            [placa] => 222-222
            [modelo] => teste
        )

    [1] => Array
        (
            [id] => 66
            [placa] => ABC-1234
            [modelo] => Mercedes-Benz Actros
        )

    [2] => Array
        (
            [id] => 55
            [placa] => AIF-440
            [modelo] => Fiorino
        )

    [3] => Array
        (
            [id] => 64
            [placa] => AQWERTY
            [modelo] => teste
        )

    [4] => Array
        (
            [id] => 56
            [placa] => ATM-3588
            [modelo] => Scania 770
        )

    [5] => Array
        (
            [id] => 68
            [placa] => DEF-9012
            [modelo] => Scania R450
        )

    [6] => Array
        (
            [id] => 67
            [placa] => XYZ-5678
            [modelo] => Volvo FH
        )

)

[25-Feb-2026 03:17:55 America/Sao_Paulo] Session state in vehicles.php: Array
(
    [redirect_url] => /sistema-frotas/fiscal/pages/cte.php
    [acesso_todas_empresas] => 
    [loggedin] => 1
    [id] => 30
    [usuario_id] => 30
    [nome] => Desenvolvimento
    [email] => Desenvolvimento@frotec.com
    [foto_perfil] => 
    [tipo_usuario] => admin
    [empresa_id] => 1
)

[25-Feb-2026 03:17:55 America/Sao_Paulo] SQL Query: SELECT v.id, v.placa, v.modelo 
                   FROM veiculos v
                   WHERE v.empresa_id = :empresa_id 
                   ORDER BY v.placa
[25-Feb-2026 03:17:55 America/Sao_Paulo] empresa_id: 1
[25-Feb-2026 03:17:55 America/Sao_Paulo] Found vehicles: Array
(
    [0] => Array
        (
            [id] => 59
            [placa] => 222-222
            [modelo] => teste
        )

    [1] => Array
        (
            [id] => 66
            [placa] => ABC-1234
            [modelo] => Mercedes-Benz Actros
        )

    [2] => Array
        (
            [id] => 55
            [placa] => AIF-440
            [modelo] => Fiorino
        )

    [3] => Array
        (
            [id] => 64
            [placa] => AQWERTY
            [modelo] => teste
        )

    [4] => Array
        (
            [id] => 56
            [placa] => ATM-3588
            [modelo] => Scania 770
        )

    [5] => Array
        (
            [id] => 68
            [placa] => DEF-9012
            [modelo] => Scania R450
        )

    [6] => Array
        (
            [id] => 67
            [placa] => XYZ-5678
            [modelo] => Volvo FH
        )

)

[25-Feb-2026 03:18:33 America/Sao_Paulo] Session state in vehicles.php: Array
(
    [redirect_url] => /sistema-frotas/fiscal/pages/cte.php
    [acesso_todas_empresas] => 
    [loggedin] => 1
    [id] => 30
    [usuario_id] => 30
    [nome] => Desenvolvimento
    [email] => Desenvolvimento@frotec.com
    [foto_perfil] => 
    [tipo_usuario] => admin
    [empresa_id] => 1
)

[25-Feb-2026 03:18:33 America/Sao_Paulo] SQL Query: SELECT v.id, v.placa, v.modelo 
                   FROM veiculos v
                   WHERE v.empresa_id = :empresa_id 
                   ORDER BY v.placa
[25-Feb-2026 03:18:33 America/Sao_Paulo] empresa_id: 1
[25-Feb-2026 03:18:33 America/Sao_Paulo] Found vehicles: Array
(
    [0] => Array
        (
            [id] => 59
            [placa] => 222-222
            [modelo] => teste
        )

    [1] => Array
        (
            [id] => 66
            [placa] => ABC-1234
            [modelo] => Mercedes-Benz Actros
        )

    [2] => Array
        (
            [id] => 55
            [placa] => AIF-440
            [modelo] => Fiorino
        )

    [3] => Array
        (
            [id] => 64
            [placa] => AQWERTY
            [modelo] => teste
        )

    [4] => Array
        (
            [id] => 56
            [placa] => ATM-3588
            [modelo] => Scania 770
        )

    [5] => Array
        (
            [id] => 68
            [placa] => DEF-9012
            [modelo] => Scania R450
        )

    [6] => Array
        (
            [id] => 67
            [placa] => XYZ-5678
            [modelo] => Volvo FH
        )

)

